{"meta": {"format": 3, "version": "7.10.6", "timestamp": "2025-10-07T22:43:28.246046", "branch_coverage": false, "show_contexts": false}, "files": {"src\\halcytone_content_generator\\__init__.py": {"executed_lines": [1, 7, 8], "summary": {"covered_lines": 2, "num_statements": 2, "percent_covered": 100.0, "percent_covered_display": "100", "missing_lines": 0, "excluded_lines": 0}, "missing_lines": [], "excluded_lines": [], "functions": {"": {"executed_lines": [1, 7, 8], "summary": {"covered_lines": 2, "num_statements": 2, "percent_covered": 100.0, "percent_covered_display": "100", "missing_lines": 0, "excluded_lines": 0}, "missing_lines": [], "excluded_lines": []}}, "classes": {"": {"executed_lines": [1, 7, 8], "summary": {"covered_lines": 2, "num_statements": 2, "percent_covered": 100.0, "percent_covered_display": "100", "missing_lines": 0, "excluded_lines": 0}, "missing_lines": [], "excluded_lines": []}}}, "src\\halcytone_content_generator\\api\\__init__.py": {"executed_lines": [1], "summary": {"covered_lines": 0, "num_statements": 0, "percent_covered": 100.0, "percent_covered_display": "100", "missing_lines": 0, "excluded_lines": 0}, "missing_lines": [], "excluded_lines": [], "functions": {"": {"executed_lines": [1], "summary": {"covered_lines": 0, "num_statements": 0, "percent_covered": 100.0, "percent_covered_display": "100", "missing_lines": 0, "excluded_lines": 0}, "missing_lines": [], "excluded_lines": []}}, "classes": {"": {"executed_lines": [1], "summary": {"covered_lines": 0, "num_statements": 0, "percent_covered": 100.0, "percent_covered_display": "100", "missing_lines": 0, "excluded_lines": 0}, "missing_lines": [], "excluded_lines": []}}}, "src\\halcytone_content_generator\\api\\cache_endpoints.py": {"executed_lines": [1, 8, 9, 10, 12, 13, 15, 23, 25, 27, 30, 31, 32, 36, 40, 44, 48, 52, 57, 58, 59, 67, 68, 69, 78, 79, 80, 83, 87, 91, 95, 99, 103, 109, 110, 111, 112, 113, 114, 115, 116, 119, 120, 121, 122, 123, 126, 139, 145, 209, 215, 277, 283, 321, 327, 353, 359, 396, 402, 462, 468], "summary": {"covered_lines": 56, "num_statements": 138, "percent_covered": 40.57971014492754, "percent_covered_display": "41", "missing_lines": 82, "excluded_lines": 0}, "missing_lines": [61, 62, 63, 64, 65, 71, 72, 73, 74, 75, 128, 130, 131, 132, 136, 168, 169, 172, 182, 185, 187, 201, 202, 203, 236, 237, 240, 243, 244, 245, 246, 251, 254, 256, 267, 268, 269, 270, 271, 296, 297, 298, 300, 313, 314, 315, 339, 340, 341, 343, 345, 346, 347, 375, 376, 377, 379, 380, 382, 388, 389, 390, 420, 421, 426, 427, 430, 432, 439, 441, 443, 453, 454, 455, 478, 479, 480, 482, 484, 492, 493, 494], "excluded_lines": [], "functions": {"CacheInvalidationRequest.validate_targets": {"executed_lines": [], "summary": {"covered_lines": 0, "num_statements": 5, "percent_covered": 0.0, "percent_covered_display": "0", "missing_lines": 5, "excluded_lines": 0}, "missing_lines": [61, 62, 63, 64, 65], "excluded_lines": []}, "CacheInvalidationRequest.validate_patterns": {"executed_lines": [], "summary": {"covered_lines": 0, "num_statements": 5, "percent_covered": 0.0, "percent_covered_display": "0", "missing_lines": 5, "excluded_lines": 0}, "missing_lines": [71, 72, 73, 74, 75], "excluded_lines": []}, "verify_cache_api_key": {"executed_lines": [], "summary": {"covered_lines": 0, "num_statements": 5, "percent_covered": 0.0, "percent_covered_display": "0", "missing_lines": 5, "excluded_lines": 0}, "missing_lines": [128, 130, 131, 132, 136], "excluded_lines": []}, "invalidate_cache": {"executed_lines": [], "summary": {"covered_lines": 0, "num_statements": 9, "percent_covered": 0.0, "percent_covered_display": "0", "missing_lines": 9, "excluded_lines": 0}, "missing_lines": [168, 169, 172, 182, 185, 187, 201, 202, 203], "excluded_lines": []}, "webhook_invalidation": {"executed_lines": [], "summary": {"covered_lines": 0, "num_statements": 15, "percent_covered": 0.0, "percent_covered_display": "0", "missing_lines": 15, "excluded_lines": 0}, "missing_lines": [236, 237, 240, 243, 244, 245, 246, 251, 254, 256, 267, 268, 269, 270, 271], "excluded_lines": []}, "cache_health_check": {"executed_lines": [], "summary": {"covered_lines": 0, "num_statements": 7, "percent_covered": 0.0, "percent_covered_display": "0", "missing_lines": 7, "excluded_lines": 0}, "missing_lines": [296, 297, 298, 300, 313, 314, 315], "excluded_lines": []}, "cache_statistics": {"executed_lines": [], "summary": {"covered_lines": 0, "num_statements": 7, "percent_covered": 0.0, "percent_covered_display": "0", "missing_lines": 7, "excluded_lines": 0}, "missing_lines": [339, 340, 341, 343, 345, 346, 347], "excluded_lines": []}, "invalidation_history": {"executed_lines": [], "summary": {"covered_lines": 0, "num_statements": 9, "percent_covered": 0.0, "percent_covered_display": "0", "missing_lines": 9, "excluded_lines": 0}, "missing_lines": [375, 376, 377, 379, 380, 382, 388, 389, 390], "excluded_lines": []}, "clear_all_caches": {"executed_lines": [], "summary": {"covered_lines": 0, "num_statements": 12, "percent_covered": 0.0, "percent_covered_display": "0", "missing_lines": 12, "excluded_lines": 0}, "missing_lines": [420, 421, 426, 427, 430, 432, 439, 441, 443, 453, 454, 455], "excluded_lines": []}, "test_webhook_signature": {"executed_lines": [], "summary": {"covered_lines": 0, "num_statements": 8, "percent_covered": 0.0, "percent_covered_display": "0", "missing_lines": 8, "excluded_lines": 0}, "missing_lines": [478, 479, 480, 482, 484, 492, 493, 494], "excluded_lines": []}, "": {"executed_lines": [1, 8, 9, 10, 12, 13, 15, 23, 25, 27, 30, 31, 32, 36, 40, 44, 48, 52, 57, 58, 59, 67, 68, 69, 78, 79, 80, 83, 87, 91, 95, 99, 103, 109, 110, 111, 112, 113, 114, 115, 116, 119, 120, 121, 122, 123, 126, 139, 145, 209, 215, 277, 283, 321, 327, 353, 359, 396, 402, 462, 468], "summary": {"covered_lines": 56, "num_statements": 56, "percent_covered": 100.0, "percent_covered_display": "100", "missing_lines": 0, "excluded_lines": 0}, "missing_lines": [], "excluded_lines": []}}, "classes": {"CacheInvalidationRequest": {"executed_lines": [], "summary": {"covered_lines": 0, "num_statements": 10, "percent_covered": 0.0, "percent_covered_display": "0", "missing_lines": 10, "excluded_lines": 0}, "missing_lines": [61, 62, 63, 64, 65, 71, 72, 73, 74, 75], "excluded_lines": []}, "WebhookInvalidationPayload": {"executed_lines": [], "summary": {"covered_lines": 0, "num_statements": 0, "percent_covered": 100.0, "percent_covered_display": "100", "missing_lines": 0, "excluded_lines": 0}, "missing_lines": [], "excluded_lines": []}, "CacheStatsResponse": {"executed_lines": [], "summary": {"covered_lines": 0, "num_statements": 0, "percent_covered": 100.0, "percent_covered_display": "100", "missing_lines": 0, "excluded_lines": 0}, "missing_lines": [], "excluded_lines": []}, "InvalidationHistoryResponse": {"executed_lines": [], "summary": {"covered_lines": 0, "num_statements": 0, "percent_covered": 100.0, "percent_covered_display": "100", "missing_lines": 0, "excluded_lines": 0}, "missing_lines": [], "excluded_lines": []}, "": {"executed_lines": [1, 8, 9, 10, 12, 13, 15, 23, 25, 27, 30, 31, 32, 36, 40, 44, 48, 52, 57, 58, 59, 67, 68, 69, 78, 79, 80, 83, 87, 91, 95, 99, 103, 109, 110, 111, 112, 113, 114, 115, 116, 119, 120, 121, 122, 123, 126, 139, 145, 209, 215, 277, 283, 321, 327, 353, 359, 396, 402, 462, 468], "summary": {"covered_lines": 56, "num_statements": 128, "percent_covered": 43.75, "percent_covered_display": "44", "missing_lines": 72, "excluded_lines": 0}, "missing_lines": [128, 130, 131, 132, 136, 168, 169, 172, 182, 185, 187, 201, 202, 203, 236, 237, 240, 243, 244, 245, 246, 251, 254, 256, 267, 268, 269, 270, 271, 296, 297, 298, 300, 313, 314, 315, 339, 340, 341, 343, 345, 346, 347, 375, 376, 377, 379, 380, 382, 388, 389, 390, 420, 421, 426, 427, 430, 432, 439, 441, 443, 453, 454, 455, 478, 479, 480, 482, 484, 492, 493, 494], "excluded_lines": []}}}, "src\\halcytone_content_generator\\api\\endpoints.py": {"executed_lines": [1, 4, 5, 6, 8, 9, 18, 19, 20, 21, 22, 23, 24, 26, 27, 30, 32, 40, 47, 48, 64, 66, 67, 68, 71, 72, 74, 76, 78, 80, 82, 90, 93, 96, 97, 99, 102, 103, 105, 108, 109, 111, 114, 115, 116, 119, 120, 136, 137, 140, 141, 142, 145, 146, 147, 148, 151, 152, 158, 161, 162, 163, 166, 167, 172, 173, 179, 182, 183, 184, 186, 187, 190, 191, 200, 201, 209, 214, 217, 246, 253, 261, 262, 263, 266, 267, 281, 283, 284, 287, 288, 289, 290, 292, 293, 297, 298, 299, 300, 302, 314, 315, 316, 319, 320, 327], "summary": {"covered_lines": 105, "num_statements": 128, "percent_covered": 82.03125, "percent_covered_display": "82", "missing_lines": 23, "excluded_lines": 0}, "missing_lines": [77, 79, 88, 98, 104, 110, 168, 169, 192, 193, 218, 219, 220, 222, 223, 230, 231, 237, 238, 239, 240, 291, 295], "excluded_lines": [], "functions": {"get_publishers": {"executed_lines": [32, 40], "summary": {"covered_lines": 2, "num_statements": 2, "percent_covered": 100.0, "percent_covered_display": "100", "missing_lines": 0, "excluded_lines": 0}, "missing_lines": [], "excluded_lines": []}, "generate_content": {"executed_lines": [64, 66, 67, 68, 71, 72, 74, 76, 78, 80, 82, 90, 93, 96, 97, 99, 102, 103, 105, 108, 109, 111, 114, 115, 116, 119, 120, 136, 137, 140, 141, 142, 145, 146, 147, 148, 151, 152, 158, 161, 162, 163, 166, 167, 172, 173, 179, 182, 183, 184, 186, 187, 190, 191, 200, 201, 209, 214, 217, 246, 253, 261, 262, 263], "summary": {"covered_lines": 64, "num_statements": 85, "percent_covered": 75.29411764705883, "percent_covered_display": "75", "missing_lines": 21, "excluded_lines": 0}, "missing_lines": [77, 79, 88, 98, 104, 110, 168, 169, 192, 193, 218, 219, 220, 222, 223, 230, 231, 237, 238, 239, 240], "excluded_lines": []}, "preview_content": {"executed_lines": [281, 283, 284, 287, 288, 289, 290, 292, 293, 297, 298, 299, 300, 302, 314, 315, 316], "summary": {"covered_lines": 17, "num_statements": 19, "percent_covered": 89.47368421052632, "percent_covered_display": "89", "missing_lines": 2, "excluded_lines": 0}, "missing_lines": [291, 295], "excluded_lines": []}, "get_status": {"executed_lines": [327], "summary": {"covered_lines": 1, "num_statements": 1, "percent_covered": 100.0, "percent_covered_display": "100", "missing_lines": 0, "excluded_lines": 0}, "missing_lines": [], "excluded_lines": []}, "": {"executed_lines": [1, 4, 5, 6, 8, 9, 18, 19, 20, 21, 22, 23, 24, 26, 27, 30, 47, 48, 266, 267, 319, 320], "summary": {"covered_lines": 21, "num_statements": 21, "percent_covered": 100.0, "percent_covered_display": "100", "missing_lines": 0, "excluded_lines": 0}, "missing_lines": [], "excluded_lines": []}}, "classes": {"": {"executed_lines": [1, 4, 5, 6, 8, 9, 18, 19, 20, 21, 22, 23, 24, 26, 27, 30, 32, 40, 47, 48, 64, 66, 67, 68, 71, 72, 74, 76, 78, 80, 82, 90, 93, 96, 97, 99, 102, 103, 105, 108, 109, 111, 114, 115, 116, 119, 120, 136, 137, 140, 141, 142, 145, 146, 147, 148, 151, 152, 158, 161, 162, 163, 166, 167, 172, 173, 179, 182, 183, 184, 186, 187, 190, 191, 200, 201, 209, 214, 217, 246, 253, 261, 262, 263, 266, 267, 281, 283, 284, 287, 288, 289, 290, 292, 293, 297, 298, 299, 300, 302, 314, 315, 316, 319, 320, 327], "summary": {"covered_lines": 105, "num_statements": 128, "percent_covered": 82.03125, "percent_covered_display": "82", "missing_lines": 23, "excluded_lines": 0}, "missing_lines": [77, 79, 88, 98, 104, 110, 168, 169, 192, 193, 218, 219, 220, 222, 223, 230, 231, 237, 238, 239, 240, 291, 295], "excluded_lines": []}}}, "src\\halcytone_content_generator\\api\\endpoints_batch.py": {"executed_lines": [1, 4, 5, 6, 8, 9, 11, 16, 17, 18, 19, 20, 21, 22, 23, 25, 26, 28, 30, 32, 34, 35, 37, 39, 40, 48, 54, 55, 69, 71, 73, 74, 76, 77, 78, 79, 82, 83, 84, 90, 100, 103, 106, 107, 108, 109, 110, 111, 112, 114, 115, 118, 119, 120, 132, 135, 136, 138, 139, 143, 145, 147, 149, 150, 151, 155, 159, 160, 165, 166, 170, 171, 176, 178, 179, 182, 187, 189, 190, 196, 205, 206, 208, 209, 210, 213, 214, 216, 217, 220, 221, 224, 239, 240, 247, 248, 249, 262, 263, 264, 266, 271, 280, 282, 293, 295, 303, 304, 312, 314, 315, 323, 334, 335, 340, 342, 353, 355, 358, 359, 363, 364, 365, 366, 368], "summary": {"covered_lines": 124, "num_statements": 142, "percent_covered": 87.32394366197182, "percent_covered_display": "87", "missing_lines": 18, "excluded_lines": 0}, "missing_lines": [121, 122, 124, 140, 153, 201, 202, 242, 243, 244, 296, 297, 298, 299, 300, 301, 356, 360], "excluded_lines": [], "functions": {"get_content_assembler": {"executed_lines": [30], "summary": {"covered_lines": 1, "num_statements": 1, "percent_covered": 100.0, "percent_covered_display": "100", "missing_lines": 0, "excluded_lines": 0}, "missing_lines": [], "excluded_lines": []}, "get_document_fetcher": {"executed_lines": [34, 35], "summary": {"covered_lines": 2, "num_statements": 2, "percent_covered": 100.0, "percent_covered_display": "100", "missing_lines": 0, "excluded_lines": 0}, "missing_lines": [], "excluded_lines": []}, "get_publishers": {"executed_lines": [39, 40, 48], "summary": {"covered_lines": 3, "num_statements": 3, "percent_covered": 100.0, "percent_covered_display": "100", "missing_lines": 0, "excluded_lines": 0}, "missing_lines": [], "excluded_lines": []}, "generate_batch_content": {"executed_lines": [69, 71, 73, 74, 76, 77, 78, 79, 82, 83, 84, 90, 100, 103, 106, 107, 108, 109, 110, 111, 112, 114, 115, 118, 119, 120, 132, 135, 136, 138, 139, 143, 145, 147, 149, 150, 151, 155, 159, 160, 165, 166, 170, 171, 176, 178, 179, 182, 187, 189, 190, 196, 205, 206, 208, 209, 210, 213, 214, 216, 217, 220, 221, 224, 239, 240, 247, 248, 249, 262, 263, 264, 266, 271, 280, 282, 293, 295], "summary": {"covered_lines": 78, "num_statements": 94, "percent_covered": 82.97872340425532, "percent_covered_display": "83", "missing_lines": 16, "excluded_lines": 0}, "missing_lines": [121, 122, 124, 140, 153, 201, 202, 242, 243, 244, 296, 297, 298, 299, 300, 301], "excluded_lines": []}, "schedule_batch": {"executed_lines": [312, 314, 315, 323], "summary": {"covered_lines": 4, "num_statements": 4, "percent_covered": 100.0, "percent_covered_display": "100", "missing_lines": 0, "excluded_lines": 0}, "missing_lines": [], "excluded_lines": []}, "get_batch_status": {"executed_lines": [340, 342], "summary": {"covered_lines": 2, "num_statements": 2, "percent_covered": 100.0, "percent_covered_display": "100", "missing_lines": 0, "excluded_lines": 0}, "missing_lines": [], "excluded_lines": []}, "_calculate_distribution": {"executed_lines": [355, 358, 359, 363, 364, 365, 366, 368], "summary": {"covered_lines": 8, "num_statements": 10, "percent_covered": 80.0, "percent_covered_display": "80", "missing_lines": 2, "excluded_lines": 0}, "missing_lines": [356, 360], "excluded_lines": []}, "": {"executed_lines": [1, 4, 5, 6, 8, 9, 11, 16, 17, 18, 19, 20, 21, 22, 23, 25, 26, 28, 32, 37, 54, 55, 303, 304, 334, 335, 353], "summary": {"covered_lines": 26, "num_statements": 26, "percent_covered": 100.0, "percent_covered_display": "100", "missing_lines": 0, "excluded_lines": 0}, "missing_lines": [], "excluded_lines": []}}, "classes": {"": {"executed_lines": [1, 4, 5, 6, 8, 9, 11, 16, 17, 18, 19, 20, 21, 22, 23, 25, 26, 28, 30, 32, 34, 35, 37, 39, 40, 48, 54, 55, 69, 71, 73, 74, 76, 77, 78, 79, 82, 83, 84, 90, 100, 103, 106, 107, 108, 109, 110, 111, 112, 114, 115, 118, 119, 120, 132, 135, 136, 138, 139, 143, 145, 147, 149, 150, 151, 155, 159, 160, 165, 166, 170, 171, 176, 178, 179, 182, 187, 189, 190, 196, 205, 206, 208, 209, 210, 213, 214, 216, 217, 220, 221, 224, 239, 240, 247, 248, 249, 262, 263, 264, 266, 271, 280, 282, 293, 295, 303, 304, 312, 314, 315, 323, 334, 335, 340, 342, 353, 355, 358, 359, 363, 364, 365, 366, 368], "summary": {"covered_lines": 124, "num_statements": 142, "percent_covered": 87.32394366197182, "percent_covered_display": "87", "missing_lines": 18, "excluded_lines": 0}, "missing_lines": [121, 122, 124, 140, 153, 201, 202, 242, 243, 244, 296, 297, 298, 299, 300, 301, 356, 360], "excluded_lines": []}}}, "src\\halcytone_content_generator\\api\\endpoints_critical.py": {"executed_lines": [1, 4, 5, 6, 7, 8, 10, 11, 12, 13, 14, 16, 17, 21, 22, 23, 24, 25, 26, 27, 28, 31, 32, 33, 34, 35, 36, 37, 40, 41, 42, 43, 44, 45, 46, 49, 50, 51, 52, 53, 54, 55, 56, 59, 60, 61, 62, 63, 64, 65, 66, 69, 70, 71, 72, 73, 74, 75, 76, 80, 81, 84, 92, 100, 101, 157, 158, 221, 222, 247, 248, 282, 283, 304, 305, 348, 349], "summary": {"covered_lines": 70, "num_statements": 133, "percent_covered": 52.63157894736842, "percent_covered_display": "53", "missing_lines": 63, "excluded_lines": 0}, "missing_lines": [87, 88, 89, 95, 96, 97, 113, 114, 117, 127, 138, 146, 147, 148, 154, 170, 171, 174, 175, 176, 177, 178, 179, 180, 181, 182, 183, 184, 185, 186, 188, 189, 190, 193, 201, 202, 207, 216, 217, 218, 232, 234, 235, 237, 260, 263, 264, 265, 266, 267, 269, 292, 294, 316, 318, 319, 321, 322, 328, 335, 340, 355, 356], "excluded_lines": [], "functions": {"get_crm_client": {"executed_lines": [], "summary": {"covered_lines": 0, "num_statements": 3, "percent_covered": 0.0, "percent_covered_display": "0", "missing_lines": 3, "excluded_lines": 0}, "missing_lines": [87, 88, 89], "excluded_lines": []}, "get_sync_service": {"executed_lines": [], "summary": {"covered_lines": 0, "num_statements": 3, "percent_covered": 0.0, "percent_covered_display": "0", "missing_lines": 3, "excluded_lines": 0}, "missing_lines": [95, 96, 97], "excluded_lines": []}, "send_newsletter": {"executed_lines": [], "summary": {"covered_lines": 0, "num_statements": 9, "percent_covered": 0.0, "percent_covered_display": "0", "missing_lines": 9, "excluded_lines": 0}, "missing_lines": [113, 114, 117, 127, 138, 146, 147, 148, 154], "excluded_lines": []}, "sync_content": {"executed_lines": [], "summary": {"covered_lines": 0, "num_statements": 25, "percent_covered": 0.0, "percent_covered_display": "0", "missing_lines": 25, "excluded_lines": 0}, "missing_lines": [170, 171, 174, 175, 176, 177, 178, 179, 180, 181, 182, 183, 184, 185, 186, 188, 189, 190, 193, 201, 202, 207, 216, 217, 218], "excluded_lines": []}, "get_job_status": {"executed_lines": [], "summary": {"covered_lines": 0, "num_statements": 4, "percent_covered": 0.0, "percent_covered_display": "0", "missing_lines": 4, "excluded_lines": 0}, "missing_lines": [232, 234, 235, 237], "excluded_lines": []}, "list_jobs": {"executed_lines": [], "summary": {"covered_lines": 0, "num_statements": 7, "percent_covered": 0.0, "percent_covered_display": "0", "missing_lines": 7, "excluded_lines": 0}, "missing_lines": [260, 263, 264, 265, 266, 267, 269], "excluded_lines": []}, "get_metrics": {"executed_lines": [], "summary": {"covered_lines": 0, "num_statements": 2, "percent_covered": 0.0, "percent_covered_display": "0", "missing_lines": 2, "excluded_lines": 0}, "missing_lines": [292, 294], "excluded_lines": []}, "retry_job": {"executed_lines": [], "summary": {"covered_lines": 0, "num_statements": 8, "percent_covered": 0.0, "percent_covered_display": "0", "missing_lines": 8, "excluded_lines": 0}, "missing_lines": [316, 318, 319, 321, 322, 328, 335, 340], "excluded_lines": []}, "get_prometheus_metrics": {"executed_lines": [], "summary": {"covered_lines": 0, "num_statements": 2, "percent_covered": 0.0, "percent_covered_display": "0", "missing_lines": 2, "excluded_lines": 0}, "missing_lines": [355, 356], "excluded_lines": []}, "": {"executed_lines": [1, 4, 5, 6, 7, 8, 10, 11, 12, 13, 14, 16, 17, 21, 22, 23, 24, 25, 26, 27, 28, 31, 32, 33, 34, 35, 36, 37, 40, 41, 42, 43, 44, 45, 46, 49, 50, 51, 52, 53, 54, 55, 56, 59, 60, 61, 62, 63, 64, 65, 66, 69, 70, 71, 72, 73, 74, 75, 76, 80, 81, 84, 92, 100, 101, 157, 158, 221, 222, 247, 248, 282, 283, 304, 305, 348, 349], "summary": {"covered_lines": 70, "num_statements": 70, "percent_covered": 100.0, "percent_covered_display": "100", "missing_lines": 0, "excluded_lines": 0}, "missing_lines": [], "excluded_lines": []}}, "classes": {"NewsletterSendRequest": {"executed_lines": [], "summary": {"covered_lines": 0, "num_statements": 0, "percent_covered": 100.0, "percent_covered_display": "100", "missing_lines": 0, "excluded_lines": 0}, "missing_lines": [], "excluded_lines": []}, "NewsletterSendResponse": {"executed_lines": [], "summary": {"covered_lines": 0, "num_statements": 0, "percent_covered": 100.0, "percent_covered_display": "100", "missing_lines": 0, "excluded_lines": 0}, "missing_lines": [], "excluded_lines": []}, "ContentSyncRequest": {"executed_lines": [], "summary": {"covered_lines": 0, "num_statements": 0, "percent_covered": 100.0, "percent_covered_display": "100", "missing_lines": 0, "excluded_lines": 0}, "missing_lines": [], "excluded_lines": []}, "ContentSyncResponse": {"executed_lines": [], "summary": {"covered_lines": 0, "num_statements": 0, "percent_covered": 100.0, "percent_covered_display": "100", "missing_lines": 0, "excluded_lines": 0}, "missing_lines": [], "excluded_lines": []}, "JobStatusResponse": {"executed_lines": [], "summary": {"covered_lines": 0, "num_statements": 0, "percent_covered": 100.0, "percent_covered_display": "100", "missing_lines": 0, "excluded_lines": 0}, "missing_lines": [], "excluded_lines": []}, "MetricsResponse": {"executed_lines": [], "summary": {"covered_lines": 0, "num_statements": 0, "percent_covered": 100.0, "percent_covered_display": "100", "missing_lines": 0, "excluded_lines": 0}, "missing_lines": [], "excluded_lines": []}, "": {"executed_lines": [1, 4, 5, 6, 7, 8, 10, 11, 12, 13, 14, 16, 17, 21, 22, 23, 24, 25, 26, 27, 28, 31, 32, 33, 34, 35, 36, 37, 40, 41, 42, 43, 44, 45, 46, 49, 50, 51, 52, 53, 54, 55, 56, 59, 60, 61, 62, 63, 64, 65, 66, 69, 70, 71, 72, 73, 74, 75, 76, 80, 81, 84, 92, 100, 101, 157, 158, 221, 222, 247, 248, 282, 283, 304, 305, 348, 349], "summary": {"covered_lines": 70, "num_statements": 133, "percent_covered": 52.63157894736842, "percent_covered_display": "53", "missing_lines": 63, "excluded_lines": 0}, "missing_lines": [87, 88, 89, 95, 96, 97, 113, 114, 117, 127, 138, 146, 147, 148, 154, 170, 171, 174, 175, 176, 177, 178, 179, 180, 181, 182, 183, 184, 185, 186, 188, 189, 190, 193, 201, 202, 207, 216, 217, 218, 232, 234, 235, 237, 260, 263, 264, 265, 266, 267, 269, 292, 294, 316, 318, 319, 321, 322, 328, 335, 340, 355, 356], "excluded_lines": []}}}, "src\\halcytone_content_generator\\api\\endpoints_schema_validated.py": {"executed_lines": [1, 5, 6, 7, 8, 9, 11, 12, 19, 20, 21, 22, 23, 25, 26, 29, 30, 32, 33, 35, 37, 45, 53, 56, 57, 72, 73, 76, 79, 81, 86, 88, 89, 90, 96, 97, 122, 123, 124, 125, 126, 128, 129, 132, 133, 134, 135, 137, 147, 150, 151, 152, 155, 156, 159, 162, 163, 164, 165, 167, 170, 172, 173, 176, 178, 181, 182, 191, 192, 193, 194, 196, 197, 200, 201, 204, 206, 207, 210, 212, 215, 216, 218, 219, 220, 221, 222, 225, 257, 258, 259, 260, 261, 262, 265, 266, 268, 271, 284, 285, 286, 294, 295, 300, 328, 329, 333, 380, 381, 500, 501, 520, 522, 523, 573, 574, 645, 646], "summary": {"covered_lines": 116, "num_statements": 232, "percent_covered": 50.0, "percent_covered_display": "50", "missing_lines": 116, "excluded_lines": 0}, "missing_lines": [138, 139, 184, 185, 186, 187, 188, 198, 226, 228, 230, 231, 233, 234, 235, 238, 240, 241, 243, 245, 246, 247, 248, 250, 251, 252, 253, 254, 402, 404, 405, 407, 409, 412, 413, 416, 417, 418, 419, 422, 423, 431, 433, 435, 436, 443, 445, 447, 448, 449, 450, 451, 456, 457, 459, 461, 464, 472, 488, 489, 490, 529, 535, 537, 538, 540, 541, 542, 543, 546, 547, 552, 553, 555, 565, 566, 567, 595, 596, 599, 600, 602, 608, 609, 612, 613, 614, 615, 616, 617, 619, 620, 623, 624, 627, 628, 629, 635, 637, 642, 661, 662, 665, 668, 670, 671, 672, 674, 681, 682, 683, 684, 685, 686, 688, 690], "excluded_lines": [], "functions": {"SchemaValidatedEndpoints.__init__": {"executed_lines": [33], "summary": {"covered_lines": 1, "num_statements": 1, "percent_covered": 100.0, "percent_covered_display": "100", "missing_lines": 0, "excluded_lines": 0}, "missing_lines": [], "excluded_lines": []}, "SchemaValidatedEndpoints.get_publishers": {"executed_lines": [37, 45], "summary": {"covered_lines": 2, "num_statements": 2, "percent_covered": 100.0, "percent_covered_display": "100", "missing_lines": 0, "excluded_lines": 0}, "missing_lines": [], "excluded_lines": []}, "validate_content_only": {"executed_lines": [72, 73, 76, 79, 81, 86, 88, 89, 90], "summary": {"covered_lines": 9, "num_statements": 9, "percent_covered": 100.0, "percent_covered_display": "100", "missing_lines": 0, "excluded_lines": 0}, "missing_lines": [], "excluded_lines": []}, "generate_validated_content": {"executed_lines": [122, 123, 124, 125, 126, 128, 129, 132, 133, 134, 135, 137, 147, 150, 151, 152, 155, 156, 159, 162, 163, 164, 165, 167, 170, 172, 173, 176, 178, 181, 182, 191, 192, 193, 194, 196, 197, 200, 201, 204, 206, 207, 210, 212, 215, 216, 218, 219, 220, 221, 222, 225, 257, 258, 259, 260, 261, 262, 265, 266, 268, 271, 284, 285, 286], "summary": {"covered_lines": 65, "num_statements": 93, "percent_covered": 69.89247311827957, "percent_covered_display": "70", "missing_lines": 28, "excluded_lines": 0}, "missing_lines": [138, 139, 184, 185, 186, 187, 188, 198, 226, 228, 230, 231, 233, 234, 235, 238, 240, 241, 243, 245, 246, 247, 248, 250, 251, 252, 253, 254], "excluded_lines": []}, "get_supported_content_types": {"executed_lines": [300], "summary": {"covered_lines": 1, "num_statements": 1, "percent_covered": 100.0, "percent_covered_display": "100", "missing_lines": 0, "excluded_lines": 0}, "missing_lines": [], "excluded_lines": []}, "get_validation_rules": {"executed_lines": [333], "summary": {"covered_lines": 1, "num_statements": 1, "percent_covered": 100.0, "percent_covered_display": "100", "missing_lines": 0, "excluded_lines": 0}, "missing_lines": [], "excluded_lines": []}, "generate_session_summary": {"executed_lines": [], "summary": {"covered_lines": 0, "num_statements": 33, "percent_covered": 0.0, "percent_covered_display": "0", "missing_lines": 33, "excluded_lines": 0}, "missing_lines": [402, 404, 405, 407, 409, 412, 413, 416, 417, 418, 419, 422, 423, 431, 433, 435, 436, 443, 445, 447, 448, 449, 450, 451, 456, 457, 459, 461, 464, 472, 488, 489, 490], "excluded_lines": []}, "broadcast_live_announcement": {"executed_lines": [520, 522, 523], "summary": {"covered_lines": 3, "num_statements": 19, "percent_covered": 15.789473684210526, "percent_covered_display": "16", "missing_lines": 16, "excluded_lines": 0}, "missing_lines": [529, 535, 537, 538, 540, 541, 542, 543, 546, 547, 552, 553, 555, 565, 566, 567], "excluded_lines": []}, "get_session_content": {"executed_lines": [], "summary": {"covered_lines": 0, "num_statements": 23, "percent_covered": 0.0, "percent_covered_display": "0", "missing_lines": 23, "excluded_lines": 0}, "missing_lines": [595, 596, 599, 600, 602, 608, 609, 612, 613, 614, 615, 616, 617, 619, 620, 623, 624, 627, 628, 629, 635, 637, 642], "excluded_lines": []}, "get_live_sessions": {"executed_lines": [], "summary": {"covered_lines": 0, "num_statements": 16, "percent_covered": 0.0, "percent_covered_display": "0", "missing_lines": 16, "excluded_lines": 0}, "missing_lines": [661, 662, 665, 668, 670, 671, 672, 674, 681, 682, 683, 684, 685, 686, 688, 690], "excluded_lines": []}, "": {"executed_lines": [1, 5, 6, 7, 8, 9, 11, 12, 19, 20, 21, 22, 23, 25, 26, 29, 30, 32, 35, 53, 56, 57, 96, 97, 294, 295, 328, 329, 380, 381, 500, 501, 573, 574, 645, 646], "summary": {"covered_lines": 34, "num_statements": 34, "percent_covered": 100.0, "percent_covered_display": "100", "missing_lines": 0, "excluded_lines": 0}, "missing_lines": [], "excluded_lines": []}}, "classes": {"SchemaValidatedEndpoints": {"executed_lines": [33, 37, 45], "summary": {"covered_lines": 3, "num_statements": 3, "percent_covered": 100.0, "percent_covered_display": "100", "missing_lines": 0, "excluded_lines": 0}, "missing_lines": [], "excluded_lines": []}, "": {"executed_lines": [1, 5, 6, 7, 8, 9, 11, 12, 19, 20, 21, 22, 23, 25, 26, 29, 30, 32, 35, 53, 56, 57, 72, 73, 76, 79, 81, 86, 88, 89, 90, 96, 97, 122, 123, 124, 125, 126, 128, 129, 132, 133, 134, 135, 137, 147, 150, 151, 152, 155, 156, 159, 162, 163, 164, 165, 167, 170, 172, 173, 176, 178, 181, 182, 191, 192, 193, 194, 196, 197, 200, 201, 204, 206, 207, 210, 212, 215, 216, 218, 219, 220, 221, 222, 225, 257, 258, 259, 260, 261, 262, 265, 266, 268, 271, 284, 285, 286, 294, 295, 300, 328, 329, 333, 380, 381, 500, 501, 520, 522, 523, 573, 574, 645, 646], "summary": {"covered_lines": 113, "num_statements": 229, "percent_covered": 49.34497816593886, "percent_covered_display": "49", "missing_lines": 116, "excluded_lines": 0}, "missing_lines": [138, 139, 184, 185, 186, 187, 188, 198, 226, 228, 230, 231, 233, 234, 235, 238, 240, 241, 243, 245, 246, 247, 248, 250, 251, 252, 253, 254, 402, 404, 405, 407, 409, 412, 413, 416, 417, 418, 419, 422, 423, 431, 433, 435, 436, 443, 445, 447, 448, 449, 450, 451, 456, 457, 459, 461, 464, 472, 488, 489, 490, 529, 535, 537, 538, 540, 541, 542, 543, 546, 547, 552, 553, 555, 565, 566, 567, 595, 596, 599, 600, 602, 608, 609, 612, 613, 614, 615, 616, 617, 619, 620, 623, 624, 627, 628, 629, 635, 637, 642, 661, 662, 665, 668, 670, 671, 672, 674, 681, 682, 683, 684, 685, 686, 688, 690], "excluded_lines": []}}}, "src\\halcytone_content_generator\\api\\endpoints_v2.py": {"executed_lines": [1, 4, 5, 6, 7, 9, 10, 14, 15, 16, 17, 18, 19, 20, 21, 23, 24, 27, 29, 37, 44, 45, 64, 66, 69, 98, 99, 100, 114, 121, 122, 123, 126, 127, 130, 131, 132, 135, 138, 141, 142, 145, 146, 148, 150, 152, 154, 157, 159, 167, 170, 173, 174, 176, 177, 179, 182, 190, 191, 194, 195, 197, 198, 200, 203, 207, 210, 211, 212, 215, 216, 218, 221, 225, 228, 229, 230, 252, 253, 256, 257, 258, 261, 262, 267, 268, 274, 277, 278, 279, 282, 283, 288, 291, 293, 305, 308, 309, 310, 312, 313, 316, 317, 326, 329, 331, 345, 355, 358, 387, 388, 389, 390, 391, 392, 393, 396, 397, 399, 409, 412, 413, 414, 417, 418, 425, 482, 483, 492, 494, 495, 498, 499, 502, 504, 517, 518, 519, 522, 523, 540, 542, 543, 546, 547, 549, 550, 552, 563, 565, 567, 568, 569], "summary": {"covered_lines": 152, "num_statements": 206, "percent_covered": 73.7864077669903, "percent_covered_display": "74", "missing_lines": 54, "excluded_lines": 0}, "missing_lines": [70, 72, 74, 83, 84, 86, 88, 89, 90, 92, 93, 94, 95, 101, 102, 104, 105, 106, 108, 109, 110, 111, 115, 116, 117, 118, 151, 153, 156, 165, 178, 180, 199, 201, 217, 219, 263, 264, 284, 285, 318, 319, 359, 360, 361, 363, 364, 371, 372, 378, 379, 380, 381, 411], "excluded_lines": [], "functions": {"get_publishers": {"executed_lines": [29, 37], "summary": {"covered_lines": 2, "num_statements": 2, "percent_covered": 100.0, "percent_covered_display": "100", "missing_lines": 0, "excluded_lines": 0}, "missing_lines": [], "excluded_lines": []}, "generate_enhanced_content": {"executed_lines": [64, 66, 69, 98, 99, 100, 114, 121, 122, 123, 126, 127, 130, 131, 132, 135, 138, 141, 142, 145, 146, 148, 150, 152, 154, 157, 159, 167, 170, 173, 174, 176, 177, 179, 182, 190, 191, 194, 195, 197, 198, 200, 203, 207, 210, 211, 212, 215, 216, 218, 221, 225, 228, 229, 230, 252, 253, 256, 257, 258, 261, 262, 267, 268, 274, 277, 278, 279, 282, 283, 288, 291, 293, 305, 308, 309, 310, 312, 313, 316, 317, 326, 329, 331, 345, 355, 358, 387, 388, 389, 390, 391, 392, 393, 396, 397, 399, 409, 412, 413, 414], "summary": {"covered_lines": 101, "num_statements": 155, "percent_covered": 65.16129032258064, "percent_covered_display": "65", "missing_lines": 54, "excluded_lines": 0}, "missing_lines": [70, 72, 74, 83, 84, 86, 88, 89, 90, 92, 93, 94, 95, 101, 102, 104, 105, 106, 108, 109, 110, 111, 115, 116, 117, 118, 151, 153, 156, 165, 178, 180, 199, 201, 217, 219, 263, 264, 284, 285, 318, 319, 359, 360, 361, 363, 364, 371, 372, 378, 379, 380, 381, 411], "excluded_lines": []}, "list_available_templates": {"executed_lines": [425], "summary": {"covered_lines": 1, "num_statements": 1, "percent_covered": 100.0, "percent_covered_display": "100", "missing_lines": 0, "excluded_lines": 0}, "missing_lines": [], "excluded_lines": []}, "validate_content": {"executed_lines": [492, 494, 495, 498, 499, 502, 504, 517, 518, 519], "summary": {"covered_lines": 10, "num_statements": 10, "percent_covered": 100.0, "percent_covered_display": "100", "missing_lines": 0, "excluded_lines": 0}, "missing_lines": [], "excluded_lines": []}, "preview_social_post": {"executed_lines": [540, 542, 543, 546, 547, 549, 550, 552, 563, 565, 567, 568, 569], "summary": {"covered_lines": 13, "num_statements": 13, "percent_covered": 100.0, "percent_covered_display": "100", "missing_lines": 0, "excluded_lines": 0}, "missing_lines": [], "excluded_lines": []}, "": {"executed_lines": [1, 4, 5, 6, 7, 9, 10, 14, 15, 16, 17, 18, 19, 20, 21, 23, 24, 27, 44, 45, 417, 418, 482, 483, 522, 523], "summary": {"covered_lines": 25, "num_statements": 25, "percent_covered": 100.0, "percent_covered_display": "100", "missing_lines": 0, "excluded_lines": 0}, "missing_lines": [], "excluded_lines": []}}, "classes": {"": {"executed_lines": [1, 4, 5, 6, 7, 9, 10, 14, 15, 16, 17, 18, 19, 20, 21, 23, 24, 27, 29, 37, 44, 45, 64, 66, 69, 98, 99, 100, 114, 121, 122, 123, 126, 127, 130, 131, 132, 135, 138, 141, 142, 145, 146, 148, 150, 152, 154, 157, 159, 167, 170, 173, 174, 176, 177, 179, 182, 190, 191, 194, 195, 197, 198, 200, 203, 207, 210, 211, 212, 215, 216, 218, 221, 225, 228, 229, 230, 252, 253, 256, 257, 258, 261, 262, 267, 268, 274, 277, 278, 279, 282, 283, 288, 291, 293, 305, 308, 309, 310, 312, 313, 316, 317, 326, 329, 331, 345, 355, 358, 387, 388, 389, 390, 391, 392, 393, 396, 397, 399, 409, 412, 413, 414, 417, 418, 425, 482, 483, 492, 494, 495, 498, 499, 502, 504, 517, 518, 519, 522, 523, 540, 542, 543, 546, 547, 549, 550, 552, 563, 565, 567, 568, 569], "summary": {"covered_lines": 152, "num_statements": 206, "percent_covered": 73.7864077669903, "percent_covered_display": "74", "missing_lines": 54, "excluded_lines": 0}, "missing_lines": [70, 72, 74, 83, 84, 86, 88, 89, 90, 92, 93, 94, 95, 101, 102, 104, 105, 106, 108, 109, 110, 111, 115, 116, 117, 118, 151, 153, 156, 165, 178, 180, 199, 201, 217, 219, 263, 264, 284, 285, 318, 319, 359, 360, 361, 363, 364, 371, 372, 378, 379, 380, 381, 411], "excluded_lines": []}}}, "src\\halcytone_content_generator\\api\\health_endpoints.py": {"executed_lines": [1, 4, 5, 6, 7, 8, 9, 10, 12, 13, 24, 27, 28, 39, 40, 43, 46, 47, 48, 49, 51, 53, 63, 64, 85, 86, 89, 90, 91, 92, 93, 94, 95, 96, 97, 100, 101, 102, 103, 104, 106, 107, 108, 110, 119, 120, 121, 126, 127, 128, 132, 133, 134, 135, 143, 144, 147, 148, 150, 152, 169, 170, 184, 185, 186, 189, 195, 196, 197, 202, 203, 219, 221, 231, 232, 233, 235, 236, 237, 243, 244, 245, 248, 249, 255, 258, 264, 265, 266, 271, 274, 277, 280, 291, 292, 293, 304, 306, 307, 308, 311, 312, 313, 314, 324, 325, 326, 336, 345, 347, 348, 349, 356, 357, 368, 369, 372, 373, 374, 381, 383, 384, 392, 393, 394, 401, 402, 408, 409, 412, 415, 416, 417, 418, 421, 422, 423, 426, 427, 428, 431, 432, 433, 436, 437, 438, 439, 440, 442, 448, 449, 458, 460, 461, 466, 468], "summary": {"covered_lines": 155, "num_statements": 176, "percent_covered": 88.06818181818181, "percent_covered_display": "88", "missing_lines": 21, "excluded_lines": 0}, "missing_lines": [122, 123, 124, 129, 130, 199, 204, 205, 206, 207, 208, 214, 215, 216, 218, 222, 228, 247, 268, 278, 386], "excluded_lines": [], "functions": {"health_check": {"executed_lines": [39, 40, 43, 46, 47, 48, 49, 51, 53], "summary": {"covered_lines": 9, "num_statements": 9, "percent_covered": 100.0, "percent_covered_display": "100", "missing_lines": 0, "excluded_lines": 0}, "missing_lines": [], "excluded_lines": []}, "detailed_health_check": {"executed_lines": [85, 86, 89, 90, 91, 92, 93, 94, 95, 96, 97, 100, 101, 102, 103, 104, 106, 107, 108, 110, 119, 120, 121, 126, 127, 128, 132, 133, 134, 135, 143, 144, 147, 148, 150, 152], "summary": {"covered_lines": 36, "num_statements": 41, "percent_covered": 87.8048780487805, "percent_covered_display": "88", "missing_lines": 5, "excluded_lines": 0}, "missing_lines": [122, 123, 124, 129, 130], "excluded_lines": []}, "readiness_check": {"executed_lines": [184, 185, 186, 189, 195, 196, 197, 202, 203, 219, 221, 231, 232, 233, 235, 236, 237, 243, 244, 245, 248, 249, 255, 258, 264, 265, 266, 271, 274, 277, 280], "summary": {"covered_lines": 31, "num_statements": 46, "percent_covered": 67.3913043478261, "percent_covered_display": "67", "missing_lines": 15, "excluded_lines": 0}, "missing_lines": [199, 204, 205, 206, 207, 208, 214, 215, 216, 218, 222, 228, 247, 268, 278], "excluded_lines": []}, "liveness_probe": {"executed_lines": [304, 306, 307, 308, 311, 312, 313, 314, 324, 325, 326, 336, 345, 347, 348, 349], "summary": {"covered_lines": 16, "num_statements": 16, "percent_covered": 100.0, "percent_covered_display": "100", "missing_lines": 0, "excluded_lines": 0}, "missing_lines": [], "excluded_lines": []}, "startup_probe": {"executed_lines": [368, 369, 372, 373, 374, 381, 383, 384, 392, 393, 394], "summary": {"covered_lines": 11, "num_statements": 12, "percent_covered": 91.66666666666667, "percent_covered_display": "92", "missing_lines": 1, "excluded_lines": 0}, "missing_lines": [386], "excluded_lines": []}, "metrics_endpoint": {"executed_lines": [408, 409, 412, 415, 416, 417, 418, 421, 422, 423, 426, 427, 428, 431, 432, 433, 436, 437, 438, 439, 440, 442], "summary": {"covered_lines": 22, "num_statements": 22, "percent_covered": 100.0, "percent_covered_display": "100", "missing_lines": 0, "excluded_lines": 0}, "missing_lines": [], "excluded_lines": []}, "trigger_component_check": {"executed_lines": [458, 460, 461, 466, 468], "summary": {"covered_lines": 5, "num_statements": 5, "percent_covered": 100.0, "percent_covered_display": "100", "missing_lines": 0, "excluded_lines": 0}, "missing_lines": [], "excluded_lines": []}, "": {"executed_lines": [1, 4, 5, 6, 7, 8, 9, 10, 12, 13, 24, 27, 28, 63, 64, 169, 170, 291, 292, 293, 356, 357, 401, 402, 448, 449], "summary": {"covered_lines": 25, "num_statements": 25, "percent_covered": 100.0, "percent_covered_display": "100", "missing_lines": 0, "excluded_lines": 0}, "missing_lines": [], "excluded_lines": []}}, "classes": {"": {"executed_lines": [1, 4, 5, 6, 7, 8, 9, 10, 12, 13, 24, 27, 28, 39, 40, 43, 46, 47, 48, 49, 51, 53, 63, 64, 85, 86, 89, 90, 91, 92, 93, 94, 95, 96, 97, 100, 101, 102, 103, 104, 106, 107, 108, 110, 119, 120, 121, 126, 127, 128, 132, 133, 134, 135, 143, 144, 147, 148, 150, 152, 169, 170, 184, 185, 186, 189, 195, 196, 197, 202, 203, 219, 221, 231, 232, 233, 235, 236, 237, 243, 244, 245, 248, 249, 255, 258, 264, 265, 266, 271, 274, 277, 280, 291, 292, 293, 304, 306, 307, 308, 311, 312, 313, 314, 324, 325, 326, 336, 345, 347, 348, 349, 356, 357, 368, 369, 372, 373, 374, 381, 383, 384, 392, 393, 394, 401, 402, 408, 409, 412, 415, 416, 417, 418, 421, 422, 423, 426, 427, 428, 431, 432, 433, 436, 437, 438, 439, 440, 442, 448, 449, 458, 460, 461, 466, 468], "summary": {"covered_lines": 155, "num_statements": 176, "percent_covered": 88.06818181818181, "percent_covered_display": "88", "missing_lines": 21, "excluded_lines": 0}, "missing_lines": [122, 123, 124, 129, 130, 199, 204, 205, 206, 207, 208, 214, 215, 216, 218, 222, 228, 247, 268, 278, 386], "excluded_lines": []}}}, "src\\halcytone_content_generator\\api\\websocket_endpoints.py": {"executed_lines": [1, 5, 6, 7, 8, 9, 10, 11, 13, 14, 15, 16, 17, 19, 22, 25, 26, 122, 123, 198, 199, 223, 224, 248, 249, 283, 284, 313, 314, 340, 341, 363, 364, 379, 380, 391, 393, 396, 398, 402, 404, 407, 410, 413], "summary": {"covered_lines": 43, "num_statements": 118, "percent_covered": 36.440677966101696, "percent_covered_display": "36", "missing_lines": 75, "excluded_lines": 0}, "missing_lines": [55, 56, 59, 60, 61, 62, 64, 66, 68, 80, 81, 83, 85, 86, 87, 88, 92, 95, 102, 103, 105, 106, 107, 108, 109, 114, 115, 118, 119, 153, 154, 156, 157, 159, 161, 162, 165, 166, 169, 172, 178, 179, 183, 184, 185, 190, 191, 192, 193, 206, 208, 209, 210, 211, 217, 237, 239, 240, 245, 267, 268, 274, 276, 297, 298, 304, 306, 331, 333, 354, 356, 371, 373, 387, 411], "excluded_lines": [], "functions": {"websocket_live_updates": {"executed_lines": [], "summary": {"covered_lines": 0, "num_statements": 29, "percent_covered": 0.0, "percent_covered_display": "0", "missing_lines": 29, "excluded_lines": 0}, "missing_lines": [55, 56, 59, 60, 61, 62, 64, 66, 68, 80, 81, 83, 85, 86, 87, 88, 92, 95, 102, 103, 105, 106, 107, 108, 109, 114, 115, 118, 119], "excluded_lines": []}, "websocket_session_events": {"executed_lines": [], "summary": {"covered_lines": 0, "num_statements": 20, "percent_covered": 0.0, "percent_covered_display": "0", "missing_lines": 20, "excluded_lines": 0}, "missing_lines": [153, 154, 156, 157, 159, 161, 162, 165, 166, 169, 172, 178, 179, 183, 184, 185, 190, 191, 192, 193], "excluded_lines": []}, "get_active_sessions": {"executed_lines": [], "summary": {"covered_lines": 0, "num_statements": 6, "percent_covered": 0.0, "percent_covered_display": "0", "missing_lines": 6, "excluded_lines": 0}, "missing_lines": [206, 208, 209, 210, 211, 217], "excluded_lines": []}, "get_session_info": {"executed_lines": [], "summary": {"covered_lines": 0, "num_statements": 4, "percent_covered": 0.0, "percent_covered_display": "0", "missing_lines": 4, "excluded_lines": 0}, "missing_lines": [237, 239, 240, 245], "excluded_lines": []}, "broadcast_to_session": {"executed_lines": [], "summary": {"covered_lines": 0, "num_statements": 4, "percent_covered": 0.0, "percent_covered_display": "0", "missing_lines": 4, "excluded_lines": 0}, "missing_lines": [267, 268, 274, 276], "excluded_lines": []}, "close_session": {"executed_lines": [], "summary": {"covered_lines": 0, "num_statements": 4, "percent_covered": 0.0, "percent_covered_display": "0", "missing_lines": 4, "excluded_lines": 0}, "missing_lines": [297, 298, 304, 306], "excluded_lines": []}, "get_session_replay": {"executed_lines": [], "summary": {"covered_lines": 0, "num_statements": 2, "percent_covered": 0.0, "percent_covered_display": "0", "missing_lines": 2, "excluded_lines": 0}, "missing_lines": [331, 333], "excluded_lines": []}, "start_event_listener": {"executed_lines": [], "summary": {"covered_lines": 0, "num_statements": 2, "percent_covered": 0.0, "percent_covered_display": "0", "missing_lines": 2, "excluded_lines": 0}, "missing_lines": [354, 356], "excluded_lines": []}, "stop_event_listener": {"executed_lines": [], "summary": {"covered_lines": 0, "num_statements": 2, "percent_covered": 0.0, "percent_covered_display": "0", "missing_lines": 2, "excluded_lines": 0}, "missing_lines": [371, 373], "excluded_lines": []}, "get_active_event_sessions": {"executed_lines": [], "summary": {"covered_lines": 0, "num_statements": 1, "percent_covered": 0.0, "percent_covered_display": "0", "missing_lines": 1, "excluded_lines": 0}, "missing_lines": [387], "excluded_lines": []}, "initialize_websocket_services": {"executed_lines": [393, 396, 398], "summary": {"covered_lines": 3, "num_statements": 3, "percent_covered": 100.0, "percent_covered_display": "100", "missing_lines": 0, "excluded_lines": 0}, "missing_lines": [], "excluded_lines": []}, "cleanup_websocket_services": {"executed_lines": [404, 407, 410, 413], "summary": {"covered_lines": 4, "num_statements": 5, "percent_covered": 80.0, "percent_covered_display": "80", "missing_lines": 1, "excluded_lines": 0}, "missing_lines": [411], "excluded_lines": []}, "": {"executed_lines": [1, 5, 6, 7, 8, 9, 10, 11, 13, 14, 15, 16, 17, 19, 22, 25, 26, 122, 123, 198, 199, 223, 224, 248, 249, 283, 284, 313, 314, 340, 341, 363, 364, 379, 380, 391, 402], "summary": {"covered_lines": 36, "num_statements": 36, "percent_covered": 100.0, "percent_covered_display": "100", "missing_lines": 0, "excluded_lines": 0}, "missing_lines": [], "excluded_lines": []}}, "classes": {"": {"executed_lines": [1, 5, 6, 7, 8, 9, 10, 11, 13, 14, 15, 16, 17, 19, 22, 25, 26, 122, 123, 198, 199, 223, 224, 248, 249, 283, 284, 313, 314, 340, 341, 363, 364, 379, 380, 391, 393, 396, 398, 402, 404, 407, 410, 413], "summary": {"covered_lines": 43, "num_statements": 118, "percent_covered": 36.440677966101696, "percent_covered_display": "36", "missing_lines": 75, "excluded_lines": 0}, "missing_lines": [55, 56, 59, 60, 61, 62, 64, 66, 68, 80, 81, 83, 85, 86, 87, 88, 92, 95, 102, 103, 105, 106, 107, 108, 109, 114, 115, 118, 119, 153, 154, 156, 157, 159, 161, 162, 165, 166, 169, 172, 178, 179, 183, 184, 185, 190, 191, 192, 193, 206, 208, 209, 210, 211, 217, 237, 239, 240, 245, 267, 268, 274, 276, 297, 298, 304, 306, 331, 333, 354, 356, 371, 373, 387, 411], "excluded_lines": []}}}, "src\\halcytone_content_generator\\config.py": {"executed_lines": [], "summary": {"covered_lines": 0, "num_statements": 97, "percent_covered": 0.0, "percent_covered_display": "0", "missing_lines": 97, "excluded_lines": 0}, "missing_lines": [4, 5, 6, 9, 13, 14, 15, 16, 17, 20, 21, 24, 25, 26, 27, 30, 31, 32, 33, 34, 35, 38, 39, 42, 43, 44, 45, 46, 47, 48, 49, 50, 53, 54, 57, 58, 59, 62, 63, 64, 67, 68, 69, 72, 73, 74, 77, 78, 81, 82, 83, 84, 87, 88, 89, 90, 93, 94, 95, 98, 99, 100, 101, 102, 105, 106, 107, 108, 109, 112, 113, 114, 117, 118, 119, 122, 123, 124, 125, 126, 129, 130, 131, 132, 135, 136, 137, 140, 141, 142, 144, 145, 146, 147, 150, 151, 153], "excluded_lines": [], "functions": {"get_settings": {"executed_lines": [], "summary": {"covered_lines": 0, "num_statements": 1, "percent_covered": 0.0, "percent_covered_display": "0", "missing_lines": 1, "excluded_lines": 0}, "missing_lines": [153], "excluded_lines": []}, "": {"executed_lines": [], "summary": {"covered_lines": 0, "num_statements": 96, "percent_covered": 0.0, "percent_covered_display": "0", "missing_lines": 96, "excluded_lines": 0}, "missing_lines": [4, 5, 6, 9, 13, 14, 15, 16, 17, 20, 21, 24, 25, 26, 27, 30, 31, 32, 33, 34, 35, 38, 39, 42, 43, 44, 45, 46, 47, 48, 49, 50, 53, 54, 57, 58, 59, 62, 63, 64, 67, 68, 69, 72, 73, 74, 77, 78, 81, 82, 83, 84, 87, 88, 89, 90, 93, 94, 95, 98, 99, 100, 101, 102, 105, 106, 107, 108, 109, 112, 113, 114, 117, 118, 119, 122, 123, 124, 125, 126, 129, 130, 131, 132, 135, 136, 137, 140, 141, 142, 144, 145, 146, 147, 150, 151], "excluded_lines": []}}, "classes": {"Settings": {"executed_lines": [], "summary": {"covered_lines": 0, "num_statements": 0, "percent_covered": 100.0, "percent_covered_display": "100", "missing_lines": 0, "excluded_lines": 0}, "missing_lines": [], "excluded_lines": []}, "Settings.Config": {"executed_lines": [], "summary": {"covered_lines": 0, "num_statements": 0, "percent_covered": 100.0, "percent_covered_display": "100", "missing_lines": 0, "excluded_lines": 0}, "missing_lines": [], "excluded_lines": []}, "": {"executed_lines": [], "summary": {"covered_lines": 0, "num_statements": 97, "percent_covered": 0.0, "percent_covered_display": "0", "missing_lines": 97, "excluded_lines": 0}, "missing_lines": [4, 5, 6, 9, 13, 14, 15, 16, 17, 20, 21, 24, 25, 26, 27, 30, 31, 32, 33, 34, 35, 38, 39, 42, 43, 44, 45, 46, 47, 48, 49, 50, 53, 54, 57, 58, 59, 62, 63, 64, 67, 68, 69, 72, 73, 74, 77, 78, 81, 82, 83, 84, 87, 88, 89, 90, 93, 94, 95, 98, 99, 100, 101, 102, 105, 106, 107, 108, 109, 112, 113, 114, 117, 118, 119, 122, 123, 124, 125, 126, 129, 130, 131, 132, 135, 136, 137, 140, 141, 142, 144, 145, 146, 147, 150, 151, 153], "excluded_lines": []}}}, "src\\halcytone_content_generator\\config\\__init__.py": {"executed_lines": [1, 7, 8, 9, 12, 13, 16, 17, 18, 19, 21, 22, 25, 33, 41, 49], "summary": {"covered_lines": 15, "num_statements": 15, "percent_covered": 100.0, "percent_covered_display": "100", "missing_lines": 0, "excluded_lines": 0}, "missing_lines": [], "excluded_lines": [], "functions": {"": {"executed_lines": [1, 7, 8, 9, 12, 13, 16, 17, 18, 19, 21, 22, 25, 33, 41, 49], "summary": {"covered_lines": 15, "num_statements": 15, "percent_covered": 100.0, "percent_covered_display": "100", "missing_lines": 0, "excluded_lines": 0}, "missing_lines": [], "excluded_lines": []}}, "classes": {"": {"executed_lines": [1, 7, 8, 9, 12, 13, 16, 17, 18, 19, 21, 22, 25, 33, 41, 49], "summary": {"covered_lines": 15, "num_statements": 15, "percent_covered": 100.0, "percent_covered_display": "100", "missing_lines": 0, "excluded_lines": 0}, "missing_lines": [], "excluded_lines": []}}}, "src\\halcytone_content_generator\\config\\enhanced_config.py": {"executed_lines": [1, 6, 7, 8, 9, 10, 11, 12, 13, 14, 16, 23, 26, 27, 30, 31, 34, 37, 38, 39, 41, 42, 43, 45, 47, 51, 52, 53, 54, 56, 58, 61, 62, 65, 66, 67, 68, 71, 72, 73, 74, 77, 78, 81, 82, 85, 86, 89, 90, 91, 94, 95, 97, 98, 99, 100, 101, 102, 105, 106, 109, 110, 111, 114, 115, 116, 117, 118, 121, 122, 125, 126, 129, 130, 131, 134, 135, 138, 139, 140, 141, 142, 143, 146, 147, 150, 153, 154, 157, 158, 159, 160, 161, 162, 165, 166, 167, 170, 171, 172, 175, 176, 179, 180, 181, 182, 185, 186, 187, 188, 189, 192, 195, 198, 201, 204, 207, 210, 211, 214, 217, 218, 221, 222, 223, 224, 227, 228, 229, 231, 232, 233, 234, 235, 237, 238, 239, 241, 243, 258, 260, 263, 265, 266, 267, 270, 272, 275, 278, 281, 282, 284, 285, 286, 287, 289, 291, 292, 294, 295, 300, 302, 304, 307, 314, 315, 316, 318, 319, 320, 323, 324, 326, 328, 330, 331, 334, 346, 349, 350, 353, 355, 357, 361, 364, 367, 368, 370, 376, 377, 379, 394, 395, 400, 401, 402, 403, 404, 409, 448, 451, 455, 456, 458, 461, 468], "summary": {"covered_lines": 197, "num_statements": 247, "percent_covered": 79.75708502024291, "percent_covered_display": "80", "missing_lines": 50, "excluded_lines": 0}, "missing_lines": [48, 55, 245, 246, 248, 249, 251, 252, 255, 256, 261, 273, 276, 296, 297, 298, 351, 358, 406, 407, 411, 413, 414, 417, 418, 420, 421, 424, 425, 427, 428, 431, 432, 434, 435, 437, 438, 441, 442, 444, 464, 470, 471, 472, 473, 475, 476, 477, 478, 480], "excluded_lines": [], "functions": {"SecurityConfig.validate_strong_secrets": {"executed_lines": [45, 47, 51, 52, 53, 54, 56, 58], "summary": {"covered_lines": 8, "num_statements": 10, "percent_covered": 80.0, "percent_covered_display": "80", "missing_lines": 2, "excluded_lines": 0}, "missing_lines": [48, 55], "excluded_lines": []}, "ProductionSettings.environment_specific_validation": {"executed_lines": [241, 243, 258, 260, 263], "summary": {"covered_lines": 5, "num_statements": 14, "percent_covered": 35.714285714285715, "percent_covered_display": "36", "missing_lines": 9, "excluded_lines": 0}, "missing_lines": [245, 246, 248, 249, 251, 252, 255, 256, 261], "excluded_lines": []}, "ProductionSettings.validate_worker_processes": {"executed_lines": [270, 272, 275, 278], "summary": {"covered_lines": 4, "num_statements": 6, "percent_covered": 66.66666666666667, "percent_covered_display": "67", "missing_lines": 2, "excluded_lines": 0}, "missing_lines": [273, 276], "excluded_lines": []}, "ConfigurationManager.__init__": {"executed_lines": [285, 286, 287], "summary": {"covered_lines": 3, "num_statements": 3, "percent_covered": 100.0, "percent_covered_display": "100", "missing_lines": 0, "excluded_lines": 0}, "missing_lines": [], "excluded_lines": []}, "ConfigurationManager._init_secrets_manager": {"executed_lines": [291, 292, 294, 295, 300], "summary": {"covered_lines": 5, "num_statements": 8, "percent_covered": 62.5, "percent_covered_display": "62", "missing_lines": 3, "excluded_lines": 0}, "missing_lines": [296, 297, 298], "excluded_lines": []}, "ConfigurationManager._load_base_config": {"executed_lines": [304, 307, 314, 315, 316, 318, 319, 320, 323, 324, 326], "summary": {"covered_lines": 11, "num_statements": 11, "percent_covered": 100.0, "percent_covered_display": "100", "missing_lines": 0, "excluded_lines": 0}, "missing_lines": [], "excluded_lines": []}, "ConfigurationManager._load_secrets": {"executed_lines": [330, 331, 334, 346, 349, 350, 353], "summary": {"covered_lines": 7, "num_statements": 8, "percent_covered": 87.5, "percent_covered_display": "88", "missing_lines": 1, "excluded_lines": 0}, "missing_lines": [351], "excluded_lines": []}, "ConfigurationManager.load_settings": {"executed_lines": [357, 361, 364, 367, 368, 370, 376, 377, 379, 394, 395, 400, 401, 402, 403, 404], "summary": {"covered_lines": 16, "num_statements": 19, "percent_covered": 84.21052631578948, "percent_covered_display": "84", "missing_lines": 3, "excluded_lines": 0}, "missing_lines": [358, 406, 407], "excluded_lines": []}, "ConfigurationManager.validate_production_readiness": {"executed_lines": [], "summary": {"covered_lines": 0, "num_statements": 20, "percent_covered": 0.0, "percent_covered_display": "0", "missing_lines": 20, "excluded_lines": 0}, "missing_lines": [411, 413, 414, 417, 418, 420, 421, 424, 425, 427, 428, 431, 432, 434, 435, 437, 438, 441, 442, 444], "excluded_lines": []}, "get_production_settings": {"executed_lines": [455, 456, 458], "summary": {"covered_lines": 3, "num_statements": 3, "percent_covered": 100.0, "percent_covered_display": "100", "missing_lines": 0, "excluded_lines": 0}, "missing_lines": [], "excluded_lines": []}, "reset_config_manager": {"executed_lines": [], "summary": {"covered_lines": 0, "num_statements": 1, "percent_covered": 0.0, "percent_covered_display": "0", "missing_lines": 1, "excluded_lines": 0}, "missing_lines": [464], "excluded_lines": []}, "get_settings_sync": {"executed_lines": [], "summary": {"covered_lines": 0, "num_statements": 9, "percent_covered": 0.0, "percent_covered_display": "0", "missing_lines": 9, "excluded_lines": 0}, "missing_lines": [470, 471, 472, 473, 475, 476, 477, 478, 480], "excluded_lines": []}, "": {"executed_lines": [1, 6, 7, 8, 9, 10, 11, 12, 13, 14, 16, 23, 26, 27, 30, 31, 34, 37, 38, 39, 41, 42, 43, 61, 62, 65, 66, 67, 68, 71, 72, 73, 74, 77, 78, 81, 82, 85, 86, 89, 90, 91, 94, 95, 97, 98, 99, 100, 101, 102, 105, 106, 109, 110, 111, 114, 115, 116, 117, 118, 121, 122, 125, 126, 129, 130, 131, 134, 135, 138, 139, 140, 141, 142, 143, 146, 147, 150, 153, 154, 157, 158, 159, 160, 161, 162, 165, 166, 167, 170, 171, 172, 175, 176, 179, 180, 181, 182, 185, 186, 187, 188, 189, 192, 195, 198, 201, 204, 207, 210, 211, 214, 217, 218, 221, 222, 223, 224, 227, 228, 229, 231, 232, 233, 234, 235, 237, 238, 239, 265, 266, 267, 281, 282, 284, 289, 302, 328, 355, 409, 448, 451, 461, 468], "summary": {"covered_lines": 135, "num_statements": 135, "percent_covered": 100.0, "percent_covered_display": "100", "missing_lines": 0, "excluded_lines": 0}, "missing_lines": [], "excluded_lines": []}}, "classes": {"SecurityConfig": {"executed_lines": [45, 47, 51, 52, 53, 54, 56, 58], "summary": {"covered_lines": 8, "num_statements": 10, "percent_covered": 80.0, "percent_covered_display": "80", "missing_lines": 2, "excluded_lines": 0}, "missing_lines": [48, 55], "excluded_lines": []}, "ExternalServicesConfig": {"executed_lines": [], "summary": {"covered_lines": 0, "num_statements": 0, "percent_covered": 100.0, "percent_covered_display": "100", "missing_lines": 0, "excluded_lines": 0}, "missing_lines": [], "excluded_lines": []}, "DatabaseConfig": {"executed_lines": [], "summary": {"covered_lines": 0, "num_statements": 0, "percent_covered": 100.0, "percent_covered_display": "100", "missing_lines": 0, "excluded_lines": 0}, "missing_lines": [], "excluded_lines": []}, "CacheConfig": {"executed_lines": [], "summary": {"covered_lines": 0, "num_statements": 0, "percent_covered": 100.0, "percent_covered_display": "100", "missing_lines": 0, "excluded_lines": 0}, "missing_lines": [], "excluded_lines": []}, "MonitoringConfig": {"executed_lines": [], "summary": {"covered_lines": 0, "num_statements": 0, "percent_covered": 100.0, "percent_covered_display": "100", "missing_lines": 0, "excluded_lines": 0}, "missing_lines": [], "excluded_lines": []}, "AlertConfig": {"executed_lines": [], "summary": {"covered_lines": 0, "num_statements": 0, "percent_covered": 100.0, "percent_covered_display": "100", "missing_lines": 0, "excluded_lines": 0}, "missing_lines": [], "excluded_lines": []}, "ProductionSettings": {"executed_lines": [241, 243, 258, 260, 263, 270, 272, 275, 278], "summary": {"covered_lines": 9, "num_statements": 20, "percent_covered": 45.0, "percent_covered_display": "45", "missing_lines": 11, "excluded_lines": 0}, "missing_lines": [245, 246, 248, 249, 251, 252, 255, 256, 261, 273, 276], "excluded_lines": []}, "ProductionSettings.Config": {"executed_lines": [], "summary": {"covered_lines": 0, "num_statements": 0, "percent_covered": 100.0, "percent_covered_display": "100", "missing_lines": 0, "excluded_lines": 0}, "missing_lines": [], "excluded_lines": []}, "ConfigurationManager": {"executed_lines": [285, 286, 287, 291, 292, 294, 295, 300, 304, 307, 314, 315, 316, 318, 319, 320, 323, 324, 326, 330, 331, 334, 346, 349, 350, 353, 357, 361, 364, 367, 368, 370, 376, 377, 379, 394, 395, 400, 401, 402, 403, 404], "summary": {"covered_lines": 42, "num_statements": 69, "percent_covered": 60.869565217391305, "percent_covered_display": "61", "missing_lines": 27, "excluded_lines": 0}, "missing_lines": [296, 297, 298, 351, 358, 406, 407, 411, 413, 414, 417, 418, 420, 421, 424, 425, 427, 428, 431, 432, 434, 435, 437, 438, 441, 442, 444], "excluded_lines": []}, "": {"executed_lines": [1, 6, 7, 8, 9, 10, 11, 12, 13, 14, 16, 23, 26, 27, 30, 31, 34, 37, 38, 39, 41, 42, 43, 61, 62, 65, 66, 67, 68, 71, 72, 73, 74, 77, 78, 81, 82, 85, 86, 89, 90, 91, 94, 95, 97, 98, 99, 100, 101, 102, 105, 106, 109, 110, 111, 114, 115, 116, 117, 118, 121, 122, 125, 126, 129, 130, 131, 134, 135, 138, 139, 140, 141, 142, 143, 146, 147, 150, 153, 154, 157, 158, 159, 160, 161, 162, 165, 166, 167, 170, 171, 172, 175, 176, 179, 180, 181, 182, 185, 186, 187, 188, 189, 192, 195, 198, 201, 204, 207, 210, 211, 214, 217, 218, 221, 222, 223, 224, 227, 228, 229, 231, 232, 233, 234, 235, 237, 238, 239, 265, 266, 267, 281, 282, 284, 289, 302, 328, 355, 409, 448, 451, 455, 456, 458, 461, 468], "summary": {"covered_lines": 138, "num_statements": 148, "percent_covered": 93.24324324324324, "percent_covered_display": "93", "missing_lines": 10, "excluded_lines": 0}, "missing_lines": [464, 470, 471, 472, 473, 475, 476, 477, 478, 480], "excluded_lines": []}}}, "src\\halcytone_content_generator\\config\\secrets_manager.py": {"executed_lines": [1, 6, 7, 8, 9, 10, 11, 12, 14, 17, 18, 19, 20, 21, 22, 25, 26, 27, 28, 29, 30, 31, 32, 33, 36, 37, 39, 40, 44, 45, 49, 50, 55, 56, 58, 60, 62, 64, 66, 68, 71, 72, 74, 75, 76, 77, 79, 81, 82, 83, 93, 94, 95, 102, 112, 119, 121, 122, 123, 124, 127, 128, 130, 131, 132, 134, 136, 137, 138, 140, 141, 142, 149, 186, 193, 195, 196, 200, 201, 204, 205, 207, 211, 227, 232, 237, 242, 243, 245, 246, 248, 250, 252, 253, 259, 260, 263, 272, 281, 285, 288, 289, 291, 292, 293, 296, 297, 299, 302, 304, 306, 307, 314, 317, 358, 360, 363, 364, 365, 366, 367, 370, 371, 372, 373, 374, 375, 376, 378, 383, 390, 394, 397, 403, 404, 405, 408], "summary": {"covered_lines": 127, "num_statements": 256, "percent_covered": 49.609375, "percent_covered_display": "50", "missing_lines": 129, "excluded_lines": 0}, "missing_lines": [42, 47, 52, 84, 86, 87, 89, 90, 92, 96, 97, 98, 100, 104, 105, 106, 107, 108, 109, 110, 114, 115, 116, 117, 139, 143, 144, 145, 147, 151, 152, 153, 156, 157, 158, 160, 161, 163, 164, 165, 167, 168, 169, 170, 171, 173, 176, 177, 178, 180, 182, 183, 184, 188, 189, 190, 191, 198, 199, 208, 209, 213, 214, 215, 216, 217, 219, 220, 221, 222, 223, 225, 229, 230, 234, 235, 239, 249, 251, 254, 255, 257, 264, 265, 266, 267, 268, 269, 273, 274, 275, 276, 277, 278, 282, 310, 311, 315, 319, 320, 323, 324, 325, 330, 331, 332, 333, 336, 339, 340, 341, 342, 343, 344, 345, 348, 349, 350, 353, 354, 356, 377, 380, 381, 384, 385, 387, 388, 411], "excluded_lines": [], "functions": {"BaseSecretsManager.get_secret": {"executed_lines": [], "summary": {"covered_lines": 0, "num_statements": 1, "percent_covered": 0.0, "percent_covered_display": "0", "missing_lines": 1, "excluded_lines": 0}, "missing_lines": [42], "excluded_lines": []}, "BaseSecretsManager.get_secrets": {"executed_lines": [], "summary": {"covered_lines": 0, "num_statements": 1, "percent_covered": 0.0, "percent_covered_display": "0", "missing_lines": 1, "excluded_lines": 0}, "missing_lines": [47], "excluded_lines": []}, "BaseSecretsManager.is_available": {"executed_lines": [], "summary": {"covered_lines": 0, "num_statements": 1, "percent_covered": 0.0, "percent_covered_display": "0", "missing_lines": 1, "excluded_lines": 0}, "missing_lines": [52], "excluded_lines": []}, "EnvironmentSecretsManager.get_secret": {"executed_lines": [60], "summary": {"covered_lines": 1, "num_statements": 1, "percent_covered": 100.0, "percent_covered_display": "100", "missing_lines": 0, "excluded_lines": 0}, "missing_lines": [], "excluded_lines": []}, "EnvironmentSecretsManager.get_secrets": {"executed_lines": [64], "summary": {"covered_lines": 1, "num_statements": 1, "percent_covered": 100.0, "percent_covered_display": "100", "missing_lines": 0, "excluded_lines": 0}, "missing_lines": [], "excluded_lines": []}, "EnvironmentSecretsManager.is_available": {"executed_lines": [68], "summary": {"covered_lines": 1, "num_statements": 1, "percent_covered": 100.0, "percent_covered_display": "100", "missing_lines": 0, "excluded_lines": 0}, "missing_lines": [], "excluded_lines": []}, "AzureKeyVaultSecretsManager.__init__": {"executed_lines": [75, 76, 77], "summary": {"covered_lines": 3, "num_statements": 3, "percent_covered": 100.0, "percent_covered_display": "100", "missing_lines": 0, "excluded_lines": 0}, "missing_lines": [], "excluded_lines": []}, "AzureKeyVaultSecretsManager._get_client": {"executed_lines": [81, 82, 83, 93, 94, 95], "summary": {"covered_lines": 6, "num_statements": 16, "percent_covered": 37.5, "percent_covered_display": "38", "missing_lines": 10, "excluded_lines": 0}, "missing_lines": [84, 86, 87, 89, 90, 92, 96, 97, 98, 100], "excluded_lines": []}, "AzureKeyVaultSecretsManager.get_secret": {"executed_lines": [], "summary": {"covered_lines": 0, "num_statements": 7, "percent_covered": 0.0, "percent_covered_display": "0", "missing_lines": 7, "excluded_lines": 0}, "missing_lines": [104, 105, 106, 107, 108, 109, 110], "excluded_lines": []}, "AzureKeyVaultSecretsManager.get_secrets": {"executed_lines": [], "summary": {"covered_lines": 0, "num_statements": 4, "percent_covered": 0.0, "percent_covered_display": "0", "missing_lines": 4, "excluded_lines": 0}, "missing_lines": [114, 115, 116, 117], "excluded_lines": []}, "AzureKeyVaultSecretsManager.is_available": {"executed_lines": [121, 122, 123, 124], "summary": {"covered_lines": 4, "num_statements": 4, "percent_covered": 100.0, "percent_covered_display": "100", "missing_lines": 0, "excluded_lines": 0}, "missing_lines": [], "excluded_lines": []}, "AWSSecretsManager.__init__": {"executed_lines": [131, 132], "summary": {"covered_lines": 2, "num_statements": 2, "percent_covered": 100.0, "percent_covered_display": "100", "missing_lines": 0, "excluded_lines": 0}, "missing_lines": [], "excluded_lines": []}, "AWSSecretsManager._get_client": {"executed_lines": [136, 137, 138, 140, 141, 142], "summary": {"covered_lines": 6, "num_statements": 11, "percent_covered": 54.54545454545455, "percent_covered_display": "55", "missing_lines": 5, "excluded_lines": 0}, "missing_lines": [139, 143, 144, 145, 147], "excluded_lines": []}, "AWSSecretsManager.get_secret": {"executed_lines": [], "summary": {"covered_lines": 0, "num_statements": 24, "percent_covered": 0.0, "percent_covered_display": "0", "missing_lines": 24, "excluded_lines": 0}, "missing_lines": [151, 152, 153, 156, 157, 158, 160, 161, 163, 164, 165, 167, 168, 169, 170, 171, 173, 176, 177, 178, 180, 182, 183, 184], "excluded_lines": []}, "AWSSecretsManager.get_secrets": {"executed_lines": [], "summary": {"covered_lines": 0, "num_statements": 4, "percent_covered": 0.0, "percent_covered_display": "0", "missing_lines": 4, "excluded_lines": 0}, "missing_lines": [188, 189, 190, 191], "excluded_lines": []}, "AWSSecretsManager.is_available": {"executed_lines": [195, 196, 200, 201], "summary": {"covered_lines": 4, "num_statements": 6, "percent_covered": 66.66666666666667, "percent_covered_display": "67", "missing_lines": 2, "excluded_lines": 0}, "missing_lines": [198, 199], "excluded_lines": []}, "LocalFileSecretsManager.__init__": {"executed_lines": [], "summary": {"covered_lines": 0, "num_statements": 2, "percent_covered": 0.0, "percent_covered_display": "0", "missing_lines": 2, "excluded_lines": 0}, "missing_lines": [208, 209], "excluded_lines": []}, "LocalFileSecretsManager._load_secrets": {"executed_lines": [], "summary": {"covered_lines": 0, "num_statements": 11, "percent_covered": 0.0, "percent_covered_display": "0", "missing_lines": 11, "excluded_lines": 0}, "missing_lines": [213, 214, 215, 216, 217, 219, 220, 221, 222, 223, 225], "excluded_lines": []}, "LocalFileSecretsManager.get_secret": {"executed_lines": [], "summary": {"covered_lines": 0, "num_statements": 2, "percent_covered": 0.0, "percent_covered_display": "0", "missing_lines": 2, "excluded_lines": 0}, "missing_lines": [229, 230], "excluded_lines": []}, "LocalFileSecretsManager.get_secrets": {"executed_lines": [], "summary": {"covered_lines": 0, "num_statements": 2, "percent_covered": 0.0, "percent_covered_display": "0", "missing_lines": 2, "excluded_lines": 0}, "missing_lines": [234, 235], "excluded_lines": []}, "LocalFileSecretsManager.is_available": {"executed_lines": [], "summary": {"covered_lines": 0, "num_statements": 1, "percent_covered": 0.0, "percent_covered_display": "0", "missing_lines": 1, "excluded_lines": 0}, "missing_lines": [239], "excluded_lines": []}, "SecretsManagerFactory.create_manager": {"executed_lines": [248, 250, 252, 253], "summary": {"covered_lines": 4, "num_statements": 9, "percent_covered": 44.44444444444444, "percent_covered_display": "44", "missing_lines": 5, "excluded_lines": 0}, "missing_lines": [249, 251, 254, 255, 257], "excluded_lines": []}, "SecretsManagerFactory.detect_available_provider": {"executed_lines": [263, 272, 281, 285], "summary": {"covered_lines": 4, "num_statements": 17, "percent_covered": 23.529411764705884, "percent_covered_display": "24", "missing_lines": 13, "excluded_lines": 0}, "missing_lines": [264, 265, 266, 267, 268, 269, 273, 274, 275, 276, 277, 278, 282], "excluded_lines": []}, "UnifiedSecretsManager.__init__": {"executed_lines": [292, 293, 296, 297, 299, 302], "summary": {"covered_lines": 6, "num_statements": 6, "percent_covered": 100.0, "percent_covered_display": "100", "missing_lines": 0, "excluded_lines": 0}, "missing_lines": [], "excluded_lines": []}, "UnifiedSecretsManager._init_managers": {"executed_lines": [306, 307, 314], "summary": {"covered_lines": 3, "num_statements": 6, "percent_covered": 50.0, "percent_covered_display": "50", "missing_lines": 3, "excluded_lines": 0}, "missing_lines": [310, 311, 315], "excluded_lines": []}, "UnifiedSecretsManager.get_secret": {"executed_lines": [], "summary": {"covered_lines": 0, "num_statements": 23, "percent_covered": 0.0, "percent_covered_display": "0", "missing_lines": 23, "excluded_lines": 0}, "missing_lines": [319, 320, 323, 324, 325, 330, 331, 332, 333, 336, 339, 340, 341, 342, 343, 344, 345, 348, 349, 350, 353, 354, 356], "excluded_lines": []}, "UnifiedSecretsManager.get_secrets_batch": {"executed_lines": [360, 363, 364, 365, 366, 367, 370, 371, 372, 373, 374, 375, 376, 378, 383, 390], "summary": {"covered_lines": 16, "num_statements": 23, "percent_covered": 69.56521739130434, "percent_covered_display": "70", "missing_lines": 7, "excluded_lines": 0}, "missing_lines": [377, 380, 381, 384, 385, 387, 388], "excluded_lines": []}, "get_secrets_manager": {"executed_lines": [403, 404, 405], "summary": {"covered_lines": 3, "num_statements": 3, "percent_covered": 100.0, "percent_covered_display": "100", "missing_lines": 0, "excluded_lines": 0}, "missing_lines": [], "excluded_lines": []}, "reset_secrets_manager": {"executed_lines": [], "summary": {"covered_lines": 0, "num_statements": 1, "percent_covered": 0.0, "percent_covered_display": "0", "missing_lines": 1, "excluded_lines": 0}, "missing_lines": [411], "excluded_lines": []}, "": {"executed_lines": [1, 6, 7, 8, 9, 10, 11, 12, 14, 17, 18, 19, 20, 21, 22, 25, 26, 27, 28, 29, 30, 31, 32, 33, 36, 37, 39, 40, 44, 45, 49, 50, 55, 56, 58, 62, 66, 71, 72, 74, 79, 102, 112, 119, 127, 128, 130, 134, 149, 186, 193, 204, 205, 207, 211, 227, 232, 237, 242, 243, 245, 246, 259, 260, 288, 289, 291, 304, 317, 358, 394, 397, 408], "summary": {"covered_lines": 63, "num_statements": 63, "percent_covered": 100.0, "percent_covered_display": "100", "missing_lines": 0, "excluded_lines": 0}, "missing_lines": [], "excluded_lines": []}}, "classes": {"SecretsProvider": {"executed_lines": [], "summary": {"covered_lines": 0, "num_statements": 0, "percent_covered": 100.0, "percent_covered_display": "100", "missing_lines": 0, "excluded_lines": 0}, "missing_lines": [], "excluded_lines": []}, "SecretReference": {"executed_lines": [], "summary": {"covered_lines": 0, "num_statements": 0, "percent_covered": 100.0, "percent_covered_display": "100", "missing_lines": 0, "excluded_lines": 0}, "missing_lines": [], "excluded_lines": []}, "BaseSecretsManager": {"executed_lines": [], "summary": {"covered_lines": 0, "num_statements": 3, "percent_covered": 0.0, "percent_covered_display": "0", "missing_lines": 3, "excluded_lines": 0}, "missing_lines": [42, 47, 52], "excluded_lines": []}, "EnvironmentSecretsManager": {"executed_lines": [60, 64, 68], "summary": {"covered_lines": 3, "num_statements": 3, "percent_covered": 100.0, "percent_covered_display": "100", "missing_lines": 0, "excluded_lines": 0}, "missing_lines": [], "excluded_lines": []}, "AzureKeyVaultSecretsManager": {"executed_lines": [75, 76, 77, 81, 82, 83, 93, 94, 95, 121, 122, 123, 124], "summary": {"covered_lines": 13, "num_statements": 34, "percent_covered": 38.23529411764706, "percent_covered_display": "38", "missing_lines": 21, "excluded_lines": 0}, "missing_lines": [84, 86, 87, 89, 90, 92, 96, 97, 98, 100, 104, 105, 106, 107, 108, 109, 110, 114, 115, 116, 117], "excluded_lines": []}, "AWSSecretsManager": {"executed_lines": [131, 132, 136, 137, 138, 140, 141, 142, 195, 196, 200, 201], "summary": {"covered_lines": 12, "num_statements": 47, "percent_covered": 25.53191489361702, "percent_covered_display": "26", "missing_lines": 35, "excluded_lines": 0}, "missing_lines": [139, 143, 144, 145, 147, 151, 152, 153, 156, 157, 158, 160, 161, 163, 164, 165, 167, 168, 169, 170, 171, 173, 176, 177, 178, 180, 182, 183, 184, 188, 189, 190, 191, 198, 199], "excluded_lines": []}, "LocalFileSecretsManager": {"executed_lines": [], "summary": {"covered_lines": 0, "num_statements": 18, "percent_covered": 0.0, "percent_covered_display": "0", "missing_lines": 18, "excluded_lines": 0}, "missing_lines": [208, 209, 213, 214, 215, 216, 217, 219, 220, 221, 222, 223, 225, 229, 230, 234, 235, 239], "excluded_lines": []}, "SecretsManagerFactory": {"executed_lines": [248, 250, 252, 253, 263, 272, 281, 285], "summary": {"covered_lines": 8, "num_statements": 26, "percent_covered": 30.76923076923077, "percent_covered_display": "31", "missing_lines": 18, "excluded_lines": 0}, "missing_lines": [249, 251, 254, 255, 257, 264, 265, 266, 267, 268, 269, 273, 274, 275, 276, 277, 278, 282], "excluded_lines": []}, "UnifiedSecretsManager": {"executed_lines": [292, 293, 296, 297, 299, 302, 306, 307, 314, 360, 363, 364, 365, 366, 367, 370, 371, 372, 373, 374, 375, 376, 378, 383, 390], "summary": {"covered_lines": 25, "num_statements": 58, "percent_covered": 43.10344827586207, "percent_covered_display": "43", "missing_lines": 33, "excluded_lines": 0}, "missing_lines": [310, 311, 315, 319, 320, 323, 324, 325, 330, 331, 332, 333, 336, 339, 340, 341, 342, 343, 344, 345, 348, 349, 350, 353, 354, 356, 377, 380, 381, 384, 385, 387, 388], "excluded_lines": []}, "": {"executed_lines": [1, 6, 7, 8, 9, 10, 11, 12, 14, 17, 18, 19, 20, 21, 22, 25, 26, 27, 28, 29, 30, 31, 32, 33, 36, 37, 39, 40, 44, 45, 49, 50, 55, 56, 58, 62, 66, 71, 72, 74, 79, 102, 112, 119, 127, 128, 130, 134, 149, 186, 193, 204, 205, 207, 211, 227, 232, 237, 242, 243, 245, 246, 259, 260, 288, 289, 291, 304, 317, 358, 394, 397, 403, 404, 405, 408], "summary": {"covered_lines": 66, "num_statements": 67, "percent_covered": 98.50746268656717, "percent_covered_display": "99", "missing_lines": 1, "excluded_lines": 0}, "missing_lines": [411], "excluded_lines": []}}}, "src\\halcytone_content_generator\\config\\validation.py": {"executed_lines": [1, 6, 7, 8, 9, 10, 11, 12, 13, 14, 16, 19, 20, 21, 22, 23, 24, 25, 28, 29, 30, 31, 32, 33, 34, 35, 36, 39, 40, 42, 43, 45, 47, 50, 51, 52, 53, 54, 55, 56, 57, 58, 60, 62, 65, 72, 73, 80, 82, 90, 91, 92, 93, 94, 99, 102, 107, 108, 109, 110, 116, 119, 120, 121, 122, 129, 130, 137, 138, 139, 145, 147, 155, 156, 158, 159, 160, 161, 166, 169, 170, 181, 182, 183, 191, 192, 193, 194, 202, 203, 210, 212, 214, 215, 222, 223, 229, 230, 231, 232, 234, 235, 242, 244, 246, 247, 254, 262, 263, 270, 273, 274, 276, 277, 283, 284, 290, 291, 297, 298, 303, 304, 311, 319, 320, 322, 323, 329, 330, 336, 337, 343, 344, 349, 350, 357, 364, 367, 369, 375, 376, 377, 378, 379, 380, 385, 386, 399, 400, 401, 402, 424, 426, 428, 429, 436, 437, 439, 447, 454, 456, 457, 458, 459, 466, 467, 483, 485, 486, 487, 488, 491, 501, 502, 504, 505, 506, 508, 515, 536, 538, 540, 541, 543, 544, 551, 567, 582, 584, 587, 590, 591, 592, 593, 594, 597, 605, 607, 608, 609, 610, 612, 613, 614, 615, 616, 617, 618, 620, 623, 624, 626, 627, 628, 629, 630, 632, 635, 636, 637, 642, 645, 647, 648, 649, 650, 653, 655, 656], "summary": {"covered_lines": 225, "num_statements": 279, "percent_covered": 80.64516129032258, "percent_covered_display": "81", "missing_lines": 54, "excluded_lines": 0}, "missing_lines": [171, 172, 178, 255, 264, 305, 312, 351, 358, 391, 392, 403, 404, 405, 406, 411, 412, 417, 418, 440, 448, 468, 469, 470, 471, 476, 477, 492, 493, 494, 509, 516, 522, 523, 529, 530, 552, 553, 554, 555, 556, 557, 559, 560, 568, 569, 570, 575, 576, 585, 633, 634, 639, 640], "excluded_lines": [], "functions": {"ConfigurationValidator.__init__": {"executed_lines": [43], "summary": {"covered_lines": 1, "num_statements": 1, "percent_covered": 100.0, "percent_covered_display": "100", "missing_lines": 0, "excluded_lines": 0}, "missing_lines": [], "excluded_lines": []}, "ConfigurationValidator.validate_all": {"executed_lines": [47, 50, 51, 52, 53, 54, 55, 56, 57, 58, 60], "summary": {"covered_lines": 11, "num_statements": 11, "percent_covered": 100.0, "percent_covered_display": "100", "missing_lines": 0, "excluded_lines": 0}, "missing_lines": [], "excluded_lines": []}, "ConfigurationValidator._add_issue": {"executed_lines": [65, 72, 73], "summary": {"covered_lines": 3, "num_statements": 3, "percent_covered": 100.0, "percent_covered_display": "100", "missing_lines": 0, "excluded_lines": 0}, "missing_lines": [], "excluded_lines": []}, "ConfigurationValidator._validate_secrets": {"executed_lines": [82, 90, 91, 92, 93, 94, 99, 102, 107, 108, 109, 110, 116, 119, 120, 121, 122, 129, 130, 137, 138, 139], "summary": {"covered_lines": 22, "num_statements": 22, "percent_covered": 100.0, "percent_covered_display": "100", "missing_lines": 0, "excluded_lines": 0}, "missing_lines": [], "excluded_lines": []}, "ConfigurationValidator._validate_urls": {"executed_lines": [147, 155, 156, 158, 159, 160, 161, 166, 169, 170, 181, 182, 183, 191, 192, 193, 194, 202, 203], "summary": {"covered_lines": 19, "num_statements": 22, "percent_covered": 86.36363636363636, "percent_covered_display": "86", "missing_lines": 3, "excluded_lines": 0}, "missing_lines": [171, 172, 178], "excluded_lines": []}, "ConfigurationValidator._validate_environment_settings": {"executed_lines": [212, 214, 215, 222, 223, 229, 230, 231, 232, 234, 235], "summary": {"covered_lines": 11, "num_statements": 11, "percent_covered": 100.0, "percent_covered_display": "100", "missing_lines": 0, "excluded_lines": 0}, "missing_lines": [], "excluded_lines": []}, "ConfigurationValidator._validate_security_settings": {"executed_lines": [244, 246, 247, 254, 262, 263], "summary": {"covered_lines": 6, "num_statements": 8, "percent_covered": 75.0, "percent_covered_display": "75", "missing_lines": 2, "excluded_lines": 0}, "missing_lines": [255, 264], "excluded_lines": []}, "ConfigurationValidator._validate_service_endpoints": {"executed_lines": [273, 274, 276, 277, 283, 284, 290, 291, 297, 298, 303, 304, 311, 319, 320, 322, 323, 329, 330, 336, 337, 343, 344, 349, 350, 357], "summary": {"covered_lines": 26, "num_statements": 30, "percent_covered": 86.66666666666667, "percent_covered_display": "87", "missing_lines": 4, "excluded_lines": 0}, "missing_lines": [305, 312, 351, 358], "excluded_lines": []}, "ConfigurationValidator._validate_external_services": {"executed_lines": [367, 369, 375, 376, 377, 378, 379, 380, 385, 386, 399, 400, 401, 402], "summary": {"covered_lines": 14, "num_statements": 24, "percent_covered": 58.333333333333336, "percent_covered_display": "58", "missing_lines": 10, "excluded_lines": 0}, "missing_lines": [391, 392, 403, 404, 405, 406, 411, 412, 417, 418], "excluded_lines": []}, "ConfigurationValidator._validate_monitoring_config": {"executed_lines": [426, 428, 429, 436, 437, 439, 447], "summary": {"covered_lines": 7, "num_statements": 9, "percent_covered": 77.77777777777777, "percent_covered_display": "78", "missing_lines": 2, "excluded_lines": 0}, "missing_lines": [440, 448], "excluded_lines": []}, "ConfigurationValidator._validate_cache_config": {"executed_lines": [456, 457, 458, 459, 466, 467], "summary": {"covered_lines": 6, "num_statements": 12, "percent_covered": 50.0, "percent_covered_display": "50", "missing_lines": 6, "excluded_lines": 0}, "missing_lines": [468, 469, 470, 471, 476, 477], "excluded_lines": []}, "ConfigurationValidator._validate_database_config": {"executed_lines": [485, 486, 487, 488, 491, 501, 502, 504, 505, 506, 508, 515], "summary": {"covered_lines": 12, "num_statements": 21, "percent_covered": 57.142857142857146, "percent_covered_display": "57", "missing_lines": 9, "excluded_lines": 0}, "missing_lines": [492, 493, 494, 509, 516, 522, 523, 529, 530], "excluded_lines": []}, "ConfigurationValidator._validate_alert_config": {"executed_lines": [538, 540, 541, 543, 544, 551, 567], "summary": {"covered_lines": 7, "num_statements": 20, "percent_covered": 35.0, "percent_covered_display": "35", "missing_lines": 13, "excluded_lines": 0}, "missing_lines": [552, 553, 554, 555, 556, 557, 559, 560, 568, 569, 570, 575, 576], "excluded_lines": []}, "ConfigurationValidator.generate_report": {"executed_lines": [584, 587, 590, 591, 592, 593, 594, 597, 605, 607, 608, 609, 610, 612, 613, 614, 615, 616, 617, 618, 620, 623, 624, 626, 627, 628, 629, 630, 632, 635, 636, 637, 642], "summary": {"covered_lines": 33, "num_statements": 38, "percent_covered": 86.84210526315789, "percent_covered_display": "87", "missing_lines": 5, "excluded_lines": 0}, "missing_lines": [585, 633, 634, 639, 640], "excluded_lines": []}, "validate_configuration": {"executed_lines": [647, 648, 649, 650], "summary": {"covered_lines": 4, "num_statements": 4, "percent_covered": 100.0, "percent_covered_display": "100", "missing_lines": 0, "excluded_lines": 0}, "missing_lines": [], "excluded_lines": []}, "is_production_ready": {"executed_lines": [655, 656], "summary": {"covered_lines": 2, "num_statements": 2, "percent_covered": 100.0, "percent_covered_display": "100", "missing_lines": 0, "excluded_lines": 0}, "missing_lines": [], "excluded_lines": []}, "": {"executed_lines": [1, 6, 7, 8, 9, 10, 11, 12, 13, 14, 16, 19, 20, 21, 22, 23, 24, 25, 28, 29, 30, 31, 32, 33, 34, 35, 36, 39, 40, 42, 45, 62, 80, 145, 210, 242, 270, 364, 424, 454, 483, 536, 582, 645, 653], "summary": {"covered_lines": 41, "num_statements": 41, "percent_covered": 100.0, "percent_covered_display": "100", "missing_lines": 0, "excluded_lines": 0}, "missing_lines": [], "excluded_lines": []}}, "classes": {"ValidationSeverity": {"executed_lines": [], "summary": {"covered_lines": 0, "num_statements": 0, "percent_covered": 100.0, "percent_covered_display": "100", "missing_lines": 0, "excluded_lines": 0}, "missing_lines": [], "excluded_lines": []}, "ValidationIssue": {"executed_lines": [], "summary": {"covered_lines": 0, "num_statem
[...]
percent_covered_display": "94", "missing_lines": 1, "excluded_lines": 0}, "missing_lines": [475], "excluded_lines": [], "functions": {"get_breathscape_template_for_content": {"executed_lines": [468, 469, 470, 471, 472, 473], "summary": {"covered_lines": 6, "num_statements": 7, "percent_covered": 85.71428571428571, "percent_covered_display": "86", "missing_lines": 1, "excluded_lines": 0}, "missing_lines": [475], "excluded_lines": []}, "get_breathscape_content_themes": {"executed_lines": [926], "summary": {"covered_lines": 1, "num_statements": 1, "percent_covered": 100.0, "percent_covered_display": "100", "missing_lines": 0, "excluded_lines": 0}, "missing_lines": [], "excluded_lines": []}, "": {"executed_lines": [1, 5, 319, 434, 457, 479, 773, 865, 924], "summary": {"covered_lines": 8, "num_statements": 8, "percent_covered": 100.0, "percent_covered_display": "100", "missing_lines": 0, "excluded_lines": 0}, "missing_lines": [], "excluded_lines": []}}, "classes": {"": {"executed_lines": [1, 5, 319, 434, 457, 468, 469, 470, 471, 472, 473, 479, 773, 865, 924, 926], "summary": {"covered_lines": 15, "num_statements": 16, "percent_covered": 93.75, "percent_covered_display": "94", "missing_lines": 1, "excluded_lines": 0}, "missing_lines": [475], "excluded_lines": []}}}, "src\\halcytone_content_generator\\templates\\email_templates.py": {"executed_lines": [1, 4, 5, 7, 327, 408, 456, 534, 536, 538, 544, 546, 548, 549, 550, 553, 554, 557, 558, 559, 561, 569, 571, 578, 579, 581], "summary": {"covered_lines": 25, "num_statements": 28, "percent_covered": 89.28571428571429, "percent_covered_display": "89", "missing_lines": 3, "excluded_lines": 0}, "missing_lines": [551, 566, 567], "excluded_lines": [], "functions": {"get_email_template": {"executed_lines": [538, 544], "summary": {"covered_lines": 2, "num_statements": 2, "percent_covered": 100.0, "percent_covered_display": "100", "missing_lines": 0, "excluded_lines": 0}, "missing_lines": [], "excluded_lines": []}, "render_email_template": {"executed_lines": [548, 549, 550, 553, 554, 557, 558, 559, 561], "summary": {"covered_lines": 9, "num_statements": 12, "percent_covered": 75.0, "percent_covered_display": "75", "missing_lines": 3, "excluded_lines": 0}, "missing_lines": [551, 566, 567], "excluded_lines": []}, "validate_template_variables": {"executed_lines": [571, 578, 579, 581], "summary": {"covered_lines": 4, "num_statements": 4, "percent_covered": 100.0, "percent_covered_display": "100", "missing_lines": 0, "excluded_lines": 0}, "missing_lines": [], "excluded_lines": []}, "": {"executed_lines": [1, 4, 5, 7, 327, 408, 456, 534, 536, 546, 569], "summary": {"covered_lines": 10, "num_statements": 10, "percent_covered": 100.0, "percent_covered_display": "100", "missing_lines": 0, "excluded_lines": 0}, "missing_lines": [], "excluded_lines": []}}, "classes": {"": {"executed_lines": [1, 4, 5, 7, 327, 408, 456, 534, 536, 538, 544, 546, 548, 549, 550, 553, 554, 557, 558, 559, 561, 569, 571, 578, 579, 581], "summary": {"covered_lines": 25, "num_statements": 28, "percent_covered": 89.28571428571429, "percent_covered_display": "89", "missing_lines": 3, "excluded_lines": 0}, "missing_lines": [551, 566, 567], "excluded_lines": []}}}, "src\\halcytone_content_generator\\templates\\social_templates.py": {"executed_lines": [1, 4, 5, 8, 9, 12, 34, 129, 199, 257, 293, 294, 296, 298, 305, 313, 314, 316, 318, 319, 321, 329, 331, 344, 346, 347, 359, 360, 362, 364, 365, 367, 368, 371, 375, 379, 381, 383, 386, 387, 389, 390, 391, 392, 393, 395, 397, 404, 406, 410, 412, 413, 414, 415, 417, 419, 420, 424, 448, 450, 451, 452, 456, 458, 460, 462, 464, 466, 467, 471, 488, 490, 491, 492, 493, 494, 499, 515, 525, 527, 530, 531, 533, 535, 536, 541, 543, 545, 548, 549, 550, 552, 553, 554, 555, 557, 576, 578, 579, 582, 584, 585, 588, 590, 591, 593, 594, 595, 596, 599, 601, 604, 607, 608, 610, 611, 612, 613, 617, 619, 620, 621, 622, 625, 626, 627, 628, 630, 631, 632, 633, 634, 636, 637, 639, 640, 643, 646, 647, 648, 649, 650, 653, 656, 659, 661, 669, 670], "summary": {"covered_lines": 145, "num_statements": 194, "percent_covered": 74.74226804123711, "percent_covered_display": "75", "missing_lines": 49, "excluded_lines": 0}, "missing_lines": [333, 334, 335, 337, 338, 339, 340, 342, 349, 356, 357, 377, 408, 421, 453, 454, 468, 495, 496, 500, 502, 508, 509, 510, 511, 512, 516, 517, 520, 521, 522, 523, 559, 560, 561, 562, 563, 564, 565, 566, 567, 568, 569, 570, 571, 572, 573, 615, 654], "excluded_lines": [], "functions": {"SocialMediaTemplates.get_hashtags": {"executed_lines": [296, 298, 305, 313, 314, 316], "summary": {"covered_lines": 6, "num_statements": 6, "percent_covered": 100.0, "percent_covered_display": "100", "missing_lines": 0, "excluded_lines": 0}, "missing_lines": [], "excluded_lines": []}, "SocialMediaTemplates.format_for_platform": {"executed_lines": [321, 329, 331, 344], "summary": {"covered_lines": 4, "num_statements": 12, "percent_covered": 33.333333333333336, "percent_covered_display": "33", "missing_lines": 8, "excluded_lines": 0}, "missing_lines": [333, 334, 335, 337, 338, 339, 340, 342], "excluded_lines": []}, "SocialMediaTemplates.add_emojis": {"executed_lines": [], "summary": {"covered_lines": 0, "num_statements": 3, "percent_covered": 0.0, "percent_covered_display": "0", "missing_lines": 3, "excluded_lines": 0}, "missing_lines": [349, 356, 357], "excluded_lines": []}, "SocialMediaTemplates.create_thread": {"executed_lines": [362, 364, 365, 367, 368, 371, 375, 379, 381, 383], "summary": {"covered_lines": 10, "num_statements": 11, "percent_covered": 90.9090909090909, "percent_covered_display": "91", "missing_lines": 1, "excluded_lines": 0}, "missing_lines": [377], "excluded_lines": []}, "SocialTemplateManager.__init__": {"executed_lines": [390, 391, 392, 393], "summary": {"covered_lines": 4, "num_statements": 4, "percent_covered": 100.0, "percent_covered_display": "100", "missing_lines": 0, "excluded_lines": 0}, "missing_lines": [], "excluded_lines": []}, "SocialTemplateManager.get_platform_templates": {"executed_lines": [397, 404], "summary": {"covered_lines": 2, "num_statements": 2, "percent_covered": 100.0, "percent_covered_display": "100", "missing_lines": 0, "excluded_lines": 0}, "missing_lines": [], "excluded_lines": []}, "SocialTemplateManager.get_templates": {"executed_lines": [], "summary": {"covered_lines": 0, "num_statements": 1, "percent_covered": 0.0, "percent_covered_display": "0", "missing_lines": 1, "excluded_lines": 0}, "missing_lines": [408], "excluded_lines": []}, "SocialTemplateManager.get_template": {"executed_lines": [412, 413, 414, 415], "summary": {"covered_lines": 4, "num_statements": 4, "percent_covered": 100.0, "percent_covered_display": "100", "missing_lines": 0, "excluded_lines": 0}, "missing_lines": [], "excluded_lines": []}, "SocialTemplateManager.format_post": {"executed_lines": [419, 420, 424, 448, 450, 451, 452], "summary": {"covered_lines": 7, "num_statements": 10, "percent_covered": 70.0, "percent_covered_display": "70", "missing_lines": 3, "excluded_lines": 0}, "missing_lines": [421, 453, 454], "excluded_lines": []}, "SocialTemplateManager.set_brand_configuration": {"executed_lines": [458], "summary": {"covered_lines": 1, "num_statements": 1, "percent_covered": 100.0, "percent_covered_display": "100", "missing_lines": 0, "excluded_lines": 0}, "missing_lines": [], "excluded_lines": []}, "SocialTemplateManager.set_audience_configuration": {"executed_lines": [462], "summary": {"covered_lines": 1, "num_statements": 1, "percent_covered": 100.0, "percent_covered_display": "100", "missing_lines": 0, "excluded_lines": 0}, "missing_lines": [], "excluded_lines": []}, "SocialTemplateManager.generate_variations": {"executed_lines": [466, 467, 471, 488, 490, 491, 492, 493, 494, 499, 515, 525], "summary": {"covered_lines": 12, "num_statements": 28, "percent_covered": 42.857142857142854, "percent_covered_display": "43", "missing_lines": 16, "excluded_lines": 0}, "missing_lines": [468, 495, 496, 500, 502, 508, 509, 510, 511, 512, 516, 517, 520, 521, 522, 523], "excluded_lines": []}, "SocialTemplateManager.format_seasonal_post": {"executed_lines": [530, 531], "summary": {"covered_lines": 2, "num_statements": 2, "percent_covered": 100.0, "percent_covered_display": "100", "missing_lines": 0, "excluded_lines": 0}, "missing_lines": [], "excluded_lines": []}, "SocialTemplateManager.record_performance": {"executed_lines": [535, 536], "summary": {"covered_lines": 2, "num_statements": 2, "percent_covered": 100.0, "percent_covered_display": "100", "missing_lines": 0, "excluded_lines": 0}, "missing_lines": [], "excluded_lines": []}, "SocialTemplateManager.get_best_performing_templates": {"executed_lines": [543], "summary": {"covered_lines": 1, "num_statements": 1, "percent_covered": 100.0, "percent_covered_display": "100", "missing_lines": 0, "excluded_lines": 0}, "missing_lines": [], "excluded_lines": []}, "SocialTemplateManager.format_compliant_post": {"executed_lines": [548, 549, 550, 552, 553, 554, 555], "summary": {"covered_lines": 7, "num_statements": 7, "percent_covered": 100.0, "percent_covered_display": "100", "missing_lines": 0, "excluded_lines": 0}, "missing_lines": [], "excluded_lines": []}, "SocialTemplateManager.customize_template": {"executed_lines": [], "summary": {"covered_lines": 0, "num_statements": 15, "percent_covered": 0.0, "percent_covered_display": "0", "missing_lines": 15, "excluded_lines": 0}, "missing_lines": [559, 560, 561, 562, 563, 564, 565, 566, 567, 568, 569, 570, 571, 572, 573], "excluded_lines": []}, "get_platform_template": {"executed_lines": [578, 579], "summary": {"covered_lines": 2, "num_statements": 2, "percent_covered": 100.0, "percent_covered_display": "100", "missing_lines": 0, "excluded_lines": 0}, "missing_lines": [], "excluded_lines": []}, "format_social_post": {"executed_lines": [584, 585], "summary": {"covered_lines": 2, "num_statements": 2, "percent_covered": 100.0, "percent_covered_display": "100", "missing_lines": 0, "excluded_lines": 0}, "missing_lines": [], "excluded_lines": []}, "generate_hashtags": {"executed_lines": [590, 591, 593, 594, 595, 596, 599, 601], "summary": {"covered_lines": 8, "num_statements": 8, "percent_covered": 100.0, "percent_covered_display": "100", "missing_lines": 0, "excluded_lines": 0}, "missing_lines": [], "excluded_lines": []}, "create_thread": {"executed_lines": [607, 608, 610, 611, 612, 613, 617, 619, 620, 621, 622, 625, 626, 627, 628, 630, 631, 632, 633, 634, 636, 637, 639, 640, 643, 646, 647, 648, 649, 650, 653, 656], "summary": {"covered_lines": 32, "num_statements": 34, "percent_covered": 94.11764705882354, "percent_covered_display": "94", "missing_lines": 2, "excluded_lines": 0}, "missing_lines": [615, 654], "excluded_lines": []}, "validate_character_limits": {"executed_lines": [661, 669, 670], "summary": {"covered_lines": 3, "num_statements": 3, "percent_covered": 100.0, "percent_covered_display": "100", "missing_lines": 0, "excluded_lines": 0}, "missing_lines": [], "excluded_lines": []}, "": {"executed_lines": [1, 4, 5, 8, 9, 12, 34, 129, 199, 257, 293, 294, 318, 319, 346, 347, 359, 360, 386, 387, 389, 395, 406, 410, 417, 456, 460, 464, 527, 533, 541, 545, 557, 576, 582, 588, 604, 659], "summary": {"covered_lines": 35, "num_statements": 35, "percent_covered": 100.0, "percent_covered_display": "100", "missing_lines": 0, "excluded_lines": 0}, "missing_lines": [], "excluded_lines": []}}, "classes": {"SocialMediaTemplates": {"executed_lines": [296, 298, 305, 313, 314, 316, 321, 329, 331, 344, 362, 364, 365, 367, 368, 371, 375, 379, 381, 383], "summary": {"covered_lines": 20, "num_statements": 32, "percent_covered": 62.5, "percent_covered_display": "62", "missing_lines": 12, "excluded_lines": 0}, "missing_lines": [333, 334, 335, 337, 338, 339, 340, 342, 349, 356, 357, 377], "excluded_lines": []}, "SocialTemplateManager": {"executed_lines": [390, 391, 392, 393, 397, 404, 412, 413, 414, 415, 419, 420, 424, 448, 450, 451, 452, 458, 462, 466, 467, 471, 488, 490, 491, 492, 493, 494, 499, 515, 525, 530, 531, 535, 536, 543, 548, 549, 550, 552, 553, 554, 555], "summary": {"covered_lines": 43, "num_statements": 78, "percent_covered": 55.12820512820513, "percent_covered_display": "55", "missing_lines": 35, "excluded_lines": 0}, "missing_lines": [408, 421, 453, 454, 468, 495, 496, 500, 502, 508, 509, 510, 511, 512, 516, 517, 520, 521, 522, 523, 559, 560, 561, 562, 563, 564, 565, 566, 567, 568, 569, 570, 571, 572, 573], "excluded_lines": []}, "": {"executed_lines": [1, 4, 5, 8, 9, 12, 34, 129, 199, 257, 293, 294, 318, 319, 346, 347, 359, 360, 386, 387, 389, 395, 406, 410, 417, 456, 460, 464, 527, 533, 541, 545, 557, 576, 578, 579, 582, 584, 585, 588, 590, 591, 593, 594, 595, 596, 599, 601, 604, 607, 608, 610, 611, 612, 613, 617, 619, 620, 621, 622, 625, 626, 627, 628, 630, 631, 632, 633, 634, 636, 637, 639, 640, 643, 646, 647, 648, 649, 650, 653, 656, 659, 661, 669, 670], "summary": {"covered_lines": 82, "num_statements": 84, "percent_covered": 97.61904761904762, "percent_covered_display": "98", "missing_lines": 2, "excluded_lines": 0}, "missing_lines": [615, 654], "excluded_lines": []}}}, "src\\halcytone_content_generator\\templates\\tones\\__init__.py": {"executed_lines": [1, 8, 9, 10, 12], "summary": {"covered_lines": 4, "num_statements": 4, "percent_covered": 100.0, "percent_covered_display": "100", "missing_lines": 0, "excluded_lines": 0}, "missing_lines": [], "excluded_lines": [], "functions": {"": {"executed_lines": [1, 8, 9, 10, 12], "summary": {"covered_lines": 4, "num_statements": 4, "percent_covered": 100.0, "percent_covered_display": "100", "missing_lines": 0, "excluded_lines": 0}, "missing_lines": [], "excluded_lines": []}}, "classes": {"": {"executed_lines": [1, 8, 9, 10, 12], "summary": {"covered_lines": 4, "num_statements": 4, "percent_covered": 100.0, "percent_covered_display": "100", "missing_lines": 0, "excluded_lines": 0}, "missing_lines": [], "excluded_lines": []}}}, "src\\halcytone_content_generator\\templates\\tones\\encouraging.py": {"executed_lines": [1, 8, 11, 12, 15, 45, 87, 118, 158, 206, 212, 220, 229, 231, 233, 236, 252, 262, 263, 274, 294, 295, 297, 298, 300], "summary": {"covered_lines": 23, "num_statements": 23, "percent_covered": 100.0, "percent_covered_display": "100", "missing_lines": 0, "excluded_lines": 0}, "missing_lines": [], "excluded_lines": [], "functions": {"EncouragingToneTemplates.get_template": {"executed_lines": [274, 294, 295], "summary": {"covered_lines": 3, "num_statements": 3, "percent_covered": 100.0, "percent_covered_display": "100", "missing_lines": 0, "excluded_lines": 0}, "missing_lines": [], "excluded_lines": []}, "EncouragingToneTemplates.get_style_guidelines": {"executed_lines": [300], "summary": {"covered_lines": 1, "num_statements": 1, "percent_covered": 100.0, "percent_covered_display": "100", "missing_lines": 0, "excluded_lines": 0}, "missing_lines": [], "excluded_lines": []}, "": {"executed_lines": [1, 8, 11, 12, 15, 45, 87, 118, 158, 206, 212, 220, 229, 231, 233, 236, 252, 262, 263, 297, 298], "summary": {"covered_lines": 19, "num_statements": 19, "percent_covered": 100.0, "percent_covered_display": "100", "missing_lines": 0, "excluded_lines": 0}, "missing_lines": [], "excluded_lines": []}}, "classes": {"EncouragingToneTemplates": {"executed_lines": [274, 294, 295, 300], "summary": {"covered_lines": 4, "num_statements": 4, "percent_covered": 100.0, "percent_covered_display": "100", "missing_lines": 0, "excluded_lines": 0}, "missing_lines": [], "excluded_lines": []}, "": {"executed_lines": [1, 8, 11, 12, 15, 45, 87, 118, 158, 206, 212, 220, 229, 231, 233, 236, 252, 262, 263, 297, 298], "summary": {"covered_lines": 19, "num_statements": 19, "percent_covered": 100.0, "percent_covered_display": "100", "missing_lines": 0, "excluded_lines": 0}, "missing_lines": [], "excluded_lines": []}}}, "src\\halcytone_content_generator\\templates\\tones\\medical_scientific.py": {"executed_lines": [1, 8, 11, 12, 15, 68, 115, 251, 384, 395, 417, 418, 429, 444, 445, 447, 448, 450, 496, 497, 499], "summary": {"covered_lines": 19, "num_statements": 19, "percent_covered": 100.0, "percent_covered_display": "100", "missing_lines": 0, "excluded_lines": 0}, "missing_lines": [], "excluded_lines": [], "functions": {"MedicalScientificToneTemplates.get_template": {"executed_lines": [429, 444, 445], "summary": {"covered_lines": 3, "num_statements": 3, "percent_covered": 100.0, "percent_covered_display": "100", "missing_lines": 0, "excluded_lines": 0}, "missing_lines": [], "excluded_lines": []}, "MedicalScientificToneTemplates.get_style_guidelines": {"executed_lines": [450], "summary": {"covered_lines": 1, "num_statements": 1, "percent_covered": 100.0, "percent_covered_display": "100", "missing_lines": 0, "excluded_lines": 0}, "missing_lines": [], "excluded_lines": []}, "MedicalScientificToneTemplates.get_medical_disclaimers": {"executed_lines": [499], "summary": {"covered_lines": 1, "num_statements": 1, "percent_covered": 100.0, "percent_covered_display": "100", "missing_lines": 0, "excluded_lines": 0}, "missing_lines": [], "excluded_lines": []}, "": {"executed_lines": [1, 8, 11, 12, 15, 68, 115, 251, 384, 395, 417, 418, 447, 448, 496, 497], "summary": {"covered_lines": 14, "num_statements": 14, "percent_covered": 100.0, "percent_covered_display": "100", "missing_lines": 0, "excluded_lines": 0}, "missing_lines": [], "excluded_lines": []}}, "classes": {"MedicalScientificToneTemplates": {"executed_lines": [429, 444, 445, 450, 499], "summary": {"covered_lines": 5, "num_statements": 5, "percent_covered": 100.0, "percent_covered_display": "100", "missing_lines": 0, "excluded_lines": 0}, "missing_lines": [], "excluded_lines": []}, "": {"executed_lines": [1, 8, 11, 12, 15, 68, 115, 251, 384, 395, 417, 418, 447, 448, 496, 497], "summary": {"covered_lines": 14, "num_statements": 14, "percent_covered": 100.0, "percent_covered_display": "100", "missing_lines": 0, "excluded_lines": 0}, "missing_lines": [], "excluded_lines": []}}}, "src\\halcytone_content_generator\\templates\\tones\\professional.py": {"executed_lines": [1, 8, 11, 12, 15, 49, 89, 127, 175, 186, 197, 231, 252, 253, 264, 277, 278, 280, 281, 283], "summary": {"covered_lines": 18, "num_statements": 18, "percent_covered": 100.0, "percent_covered_display": "100", "missing_lines": 0, "excluded_lines": 0}, "missing_lines": [], "excluded_lines": [], "functions": {"ProfessionalToneTemplates.get_template": {"executed_lines": [264, 277, 278], "summary": {"covered_lines": 3, "num_statements": 3, "percent_covered": 100.0, "percent_covered_display": "100", "missing_lines": 0, "excluded_lines": 0}, "missing_lines": [], "excluded_lines": []}, "ProfessionalToneTemplates.get_style_guidelines": {"executed_lines": [283], "summary": {"covered_lines": 1, "num_statements": 1, "percent_covered": 100.0, "percent_covered_display": "100", "missing_lines": 0, "excluded_lines": 0}, "missing_lines": [], "excluded_lines": []}, "": {"executed_lines": [1, 8, 11, 12, 15, 49, 89, 127, 175, 186, 197, 231, 252, 253, 280, 281], "summary": {"covered_lines": 14, "num_statements": 14, "percent_covered": 100.0, "percent_covered_display": "100", "missing_lines": 0, "excluded_lines": 0}, "missing_lines": [], "excluded_lines": []}}, "classes": {"ProfessionalToneTemplates": {"executed_lines": [264, 277, 278, 283], "summary": {"covered_lines": 4, "num_statements": 4, "percent_covered": 100.0, "percent_covered_display": "100", "missing_lines": 0, "excluded_lines": 0}, "missing_lines": [], "excluded_lines": []}, "": {"executed_lines": [1, 8, 11, 12, 15, 49, 89, 127, 175, 186, 197, 231, 252, 253, 280, 281], "summary": {"covered_lines": 14, "num_statements": 14, "percent_covered": 100.0, "percent_covered_display": "100", "missing_lines": 0, "excluded_lines": 0}, "missing_lines": [], "excluded_lines": []}}}}, "totals": {"covered_lines": 8567, "num_statements": 11698, "percent_covered": 73.23474098136434, "percent_covered_display": "73", "missing_lines": 3131, "excluded_lines": 3}}